========================================================================
pseudopotential program version  7.3.3   date:  0 -  0 -    0
========================================================================

 ifae =   1    ifpsp =   0    ifprt =   0    ifplw =   0    ilogd =   3
 rlogd=   1.80000     emin=  -2.40000     emax=   1.60000     nnt=   60
 thresh, tol =   1.000E-10   1.000E-09    damp =  .100    maxit = 600

          *************************************************************
           zirconium_4.0       Perdew Wang 1991    exchange-correlation
          *************************************************************

 z =  40.    xion =  .00    exfact =   4.00000    irel=   2
 ncspvs =   11
 rmax = 200.00000    aasf =   6.00000    bbsf =  59.00000

 value of mesh generated in rinit is   887
 irel = 2 so all electron calculations use koelling-harmon equations


                         the system has converged with
                                 delta=  .9429701D-09


                             the eigenvalues are


          orbital          occupation          energy
           100                   2.00           -1310.27200
           200                   2.00            -181.55772
           210                   6.00            -161.92924
           300                   2.00             -29.75009
           310                   6.00             -23.35434
           320                  10.00             -12.85039
           400                   2.00              -4.00953
           410                   6.00              -2.38883
           420                   2.00               -.26760
           500                   2.00               -.32960
           510                    .00               -.11070
 etot=  -7198.25361 ryd ;     -97932.23707 ev            ebsr,ehar,emvxc=  -4306.91139   2960.51189     69.16967

 subroutine lderiv: pass   1

 leaving lderiv
