========================================================================
pseudopotential program version  7.3.3   date:  0 -  0 -    0
========================================================================

 ifae =   1    ifpsp =   0    ifprt =   0    ifplw =   0    ilogd =   3
 rlogd=   2.60000     emin=  -2.00000     emax=   2.00000     nnt=   60
 thresh, tol =   1.000E-10   1.000E-09    damp =  .500    maxit = 400

          *************************************************************
          Iridium              Perdew Wang 1991    exchange-correlation
          *************************************************************

 z =  77.    xion =  .00    exfact =   4.00000    irel=   2
 ncspvs =   15
 rmax = 150.00000    aasf =   7.00000    bbsf =  60.00000

 value of mesh generated in rinit is   983
 irel = 2 so all electron calculations use koelling-harmon equations


                         the system has converged with
                                 delta=  .9502037D-09


                             the eigenvalues are


          orbital          occupation          energy
           100                   2.00           -5596.17538
           200                   2.00            -978.79456
           210                   6.00            -850.24611
           300                   2.00            -228.78349
           310                   6.00            -191.20135
           320                  10.00            -149.85147
           400                   2.00             -48.65200
           410                   6.00             -36.32759
           420                  10.00             -21.19797
           430                  14.00              -4.38362
           500                   2.00              -7.02090
           510                   6.00              -3.84943
           520                   8.00               -.40246
           600                   1.00               -.41278
           610                    .00               -.07204
 etot= -35658.06441 ryd ;    -485127.94995 ev            ebsr,ehar,emvxc= -21984.09714  13887.88609    213.91881

 subroutine lderiv: pass   1

 leaving lderiv
