========================================================================
pseudopotential program version  7.3.3   date:  0 -  0 -    0
========================================================================

 ifae =   1    ifpsp =   0    ifprt =   0    ifplw =   0    ilogd =   3
 rlogd=   1.80000     emin=  -2.40000     emax=   1.60000     nnt=   40
 thresh, tol =   1.000E-10   1.000E-09    damp =  .200    maxit = 400

          *************************************************************
           strontium_4.0       Perdew Wang 1991    exchange-correlation
          *************************************************************

 z =  38.    xion =  .00    exfact =   4.00000    irel=   2
 ncspvs =   11
 rmax = 200.00000    aasf =   6.00000    bbsf =  59.00000

 value of mesh generated in rinit is   883
 irel = 2 so all electron calculations use koelling-harmon equations


                         the system has converged with
                                 delta=  .9773322D-09


                             the eigenvalues are


          orbital          occupation          energy
           100                   2.00           -1171.45853
           200                   2.00            -158.56463
           210                   6.00            -140.90882
           300                   2.00             -24.45978
           310                   6.00             -18.76071
           320                  10.00              -9.34475
           400                   2.00              -2.93835
           410                   6.00              -1.61526
           420                   1.00               -.06914
           500                   1.00               -.24404
           510                    .00               -.09100
 etot=  -6359.92980 ryd ;     -86526.84202 ev            ebsr,ehar,emvxc=  -3776.31196   2647.26927     63.65143

 subroutine lderiv: pass   1

 leaving lderiv
