========================================================================
pseudopotential program version  7.3.3   date:  0 -  0 -    0
========================================================================

 ifae =   1    ifpsp =   0    ifprt =   0    ifplw =   0    ilogd =   3
 rlogd=   2.60000     emin=  -2.00000     emax=   2.00000     nnt=   80
 thresh, tol =   1.000E-10   1.000E-09    damp =  .100    maxit = 500

          *************************************************************
          rhodium              Perdew Wang 1991    exchange-correlation
          *************************************************************

 z =  45.    xion =  .00    exfact =   4.00000    irel=   2
 ncspvs =   11
 rmax = 200.00000    aasf =   7.00000    bbsf =  60.00000

 value of mesh generated in rinit is   969
 irel = 2 so all electron calculations use koelling-harmon equations


                         the system has converged with
                                 delta=  .9233061D-09


                             the eigenvalues are


          orbital          occupation          energy
           100                   2.00           -1693.54617
           200                   2.00            -245.52975
           210                   6.00            -220.06603
           300                   2.00             -43.87187
           310                   6.00             -35.50003
           320                  10.00             -22.10689
           400                   2.00              -6.06810
           410                   6.00              -3.71025
           420                   8.00               -.44070
           500                   1.00               -.32021
           510                    .00               -.06654
 etot=  -9569.75421 ryd ;    -130196.50162 ev            ebsr,ehar,emvxc=  -5758.60443   3895.55315     84.40337

 subroutine lderiv: pass   1

 leaving lderiv
