 atom-LDAcaTODAY          kb-test   
 Te pseudopotential test
 -----------------------

 r e l a t i v i s t i c ! !

 correlation = ca      spin-polarized

 nuclear charge             =  6.000000
 number of core orbitals    =  0
 number of valence orbitals =  5
 electronic charge          =  6.000000
 ionic charge               =   .000000


 input data for orbitals

  i    n    l    s     j     occ

  1    1    0    .5    .5    2.0000
  2    2    1   -.5    .5    1.3333
  3    2    1    .5   1.5    2.6667
  4    3    2   -.5   1.5     .0000
  5    3    2    .5   2.5     .0000


 Te  ca  rel  pcec  pseudopotential read from tape
 atom-lda  TODAY            Improved Troullier - Martins potential
 5s(  2.00)r rc= 2.785p(  4.00)r rc= 2.785d(   .00)r rc= 2.78          


 radial grid parameters

 r(1) = .0 , r(2) = .600E-06 , ... , r(1180) = 119.852


 prowav 0 0.000000000000000000E+00
 prowav 0 0.000000000000000000E+00
 prowav 1 0.774658018327687033E-03
 prowav 1 0.194887329369602437E-01
 prowav 1 0.383230469671844987E-01
 prowav 1 0.527705005246968395E-01
 prowav 1 0.629070261215742138E-01
 prowav 1 0.697632893545418048E-01
 prowav 1 0.743276727716836727E-01
 prowav 1 0.773459169224247206E-01
 prowav 1 0.774658018327687033E-03
 prowav 1 0.194887329369601847E-01
 prowav 1 0.383230469671844917E-01
 prowav 1 0.527705005246967285E-01
 prowav 1 0.629070261215741583E-01
 prowav 1 0.697632893545418464E-01
 prowav 1 0.743276727716837560E-01
 prowav 1 0.773459169224248594E-01
 prowav 2 0.428625830714159800E-02
 prowav 2 0.333786164458444714E-02
 prowav 2 0.238914882635880106E-02
 prowav 2 0.165105100085916642E-02
 prowav 2 0.112371309698958426E-02
 prowav 2 0.760366613803315741E-03
 prowav 2 0.514193393633113221E-03
 prowav 2 0.348760365085712409E-03
 prowav 2 0.238035061138785461E-03
 prowav 2 0.164080095104951652E-03
 prowav 2 0.114743142362802003E-03
 prowav 2 0.818586836378841102E-04
 prowav 2 0.599626303699283747E-04
 prowav 2 0.454060512092494860E-04
 prowav 2 0.357539556115046964E-04
 prowav 2 0.293805696647712434E-04
 prowav 2 0.251982164783308615E-04
 prowav 2 0.224767842308211852E-04
 prowav 2 0.207244988640791388E-04
 prowav 2 0.196097075778927536E-04
 prowav 2 0.189094483188691988E-04
 prowav 2 0.428625830714159800E-02
 prowav 2 0.333786164458444714E-02
 prowav 2 0.238914882635880106E-02
 prowav 2 0.165105100085916642E-02
 prowav 2 0.112371309698958426E-02
 prowav 2 0.760366613803315958E-03
 prowav 2 0.514193393633113438E-03
 prowav 2 0.348760365085712409E-03
 prowav 2 0.238035061138785461E-03
 prowav 2 0.164080095104951652E-03
 prowav 2 0.114743142362801976E-03
 prowav 2 0.818586836378840831E-04
 prowav 2 0.599626303699283883E-04
 prowav 2 0.454060512092494927E-04
 prowav 2 0.357539556115046828E-04
 prowav 2 0.293805696647712401E-04
 prowav 2 0.251982164783308615E-04
 prowav 2 0.224767842308211852E-04
 prowav 2 0.207244988640791151E-04
 prowav 2 0.196097075778927332E-04
 prowav 2 0.189094483188691887E-04
 prowav 0 0.000000000000000000E+00
 prowav 0 0.000000000000000000E+00
 prowav 1 0.803321832918692386E-01
 prowav 1 0.809598854031428478E-01
 prowav 1 0.803321832918693912E-01
 prowav 1 0.809598854031429171E-01
 prowav 2 0.182579196877514564E-04
 prowav 2 0.181608133967813758E-04
 prowav 2 0.182579196877514632E-04
 prowav 2 0.181608133967813791E-04
 prowav 0 0.000000000000000000E+00
 prowav 0 0.000000000000000000E+00
 prowav 1 0.819167961393977989E-01
 prowav 1 0.822979673510002008E-01
 prowav 1 0.819167961393977989E-01
 prowav 1 0.822979673510001591E-01
 prowav 2 0.180054330786791920E-04
 prowav 2 0.174785843006742789E-04
 prowav 2 0.180054330786791920E-04
 prowav 2 0.174785843006742755E-04
 prowav 0 0.000000000000000000E+00
 prowav 0 0.000000000000000000E+00
 prowav 1 0.828666238655331039E-01
 prowav 1 0.830670806353880353E-01
 prowav 1 0.828666238655331733E-01
 prowav 1 0.830670806353881741E-01
 prowav 2 0.166486310585266325E-04
 prowav 2 0.161622071753104650E-04
 prowav 2 0.166486310585266291E-04
 prowav 2 0.161622071753104548E-04
 prowav 0 0.000000000000000000E+00
 prowav 0 0.000000000000000000E+00
 prowav 1 0.833623275925884227E-01
 prowav 1 0.834326890618063977E-01
 prowav 1 0.833623275925885060E-01
 prowav 1 0.834326890618063560E-01
 prowav 2 0.153972672554814157E-04
 prowav 2 0.151139322645456523E-04
 prowav 2 0.153972672554814225E-04
 prowav 2 0.151139322645456523E-04
 prowav 0 0.000000000000000000E+00
 prowav 0 0.000000000000000000E+00
 prowav 1 0.835363892676482533E-01
 prowav 1 0.835648929140214158E-01
 prowav 1 0.835363892676482395E-01
 prowav 1 0.835648929140213464E-01
 prowav 2 0.146677437522163632E-04
 prowav 2 0.145460359993504438E-04
 prowav 2 0.146677437522163598E-04
 prowav 2 0.145460359993504387E-04
 prowav 0 0.000000000000000000E+00
 prowav 0 0.000000000000000000E+00
 prowav 1 0.836069490007314564E-01
 prowav 1 0.836186573750796330E-01
 prowav 1 0.836069490007313593E-01
 prowav 1 0.836186573750796192E-01
 prowav 2 0.143540480974716927E-04
 prowav 2 0.143031624637661070E-04
 prowav 2 0.143540480974716792E-04
 prowav 2 0.143031624637660833E-04
 prowav 0 0.000000000000000000E+00
 prowav 0 0.000000000000000000E+00
 prowav 1 0.836359498675328106E-01
 prowav 1 0.836406908457881099E-01
 prowav 1 0.836359498675328938E-01
 prowav 1 0.836406908457881931E-01
 prowav 2 0.142228305294670841E-04
 prowav 2 0.142012253654723234E-04
 prowav 2 0.142228305294670672E-04
 prowav 2 0.142012253654723048E-04
 prowav 0 0.000000000000000000E+00
 prowav 0 0.000000000000000000E+00
 prowav 1 0.836477050760209562E-01
 prowav 1 0.836496904896077281E-01
 prowav 1 0.836477050760210117E-01
 prowav 1 0.836496904896077281E-01
 prowav 2 0.141671076326844272E-04
 prowav 2 0.141586273527117622E-04
 prowav 2 0.141671076326844119E-04
 prowav 2 0.141586273527117605E-04
 prowav 0 0.000000000000000000E+00
 prowav 0 0.000000000000000000E+00
 prowav 1 0.836526291620151574E-01
 prowav 1 0.836534264111482573E-01
 prowav 1 0.836526291620151297E-01
 prowav 1 0.836534264111483267E-01
 prowav 2 0.141452336940170382E-04
 prowav 2 0.141416207348778940E-04
 prowav 2 0.141452336940170230E-04
 prowav 2 0.141416207348778788E-04
 prowav 0 0.000000000000000000E+00
 prowav 0 0.000000000000000000E+00
 prowav 1 0.836546093231868154E-01
 prowav 1 0.836549357943552757E-01
 prowav 1 0.836546093231869820E-01
 prowav 1 0.836549357943553867E-01
 prowav 2 0.141359144576792178E-04
 prowav 2 0.141343726509902817E-04
 prowav 2 0.141359144576792178E-04
 prowav 2 0.141343726509902715E-04
 prowav 0 0.000000000000000000E+00
 prowav 0 0.000000000000000000E+00
 prowav 1 0.836554211690557215E-01
 prowav 1 0.836555586724912342E-01
 prowav 1 0.836554211690557631E-01
 prowav 1 0.836555586724912065E-01
 prowav 2 0.141319376098431854E-04
 prowav 2 0.141312785081869064E-04
 prowav 2 0.141319376098431753E-04
 prowav 2 0.141312785081868996E-04
 prowav 0 0.000000000000000000E+00
 prowav 0 0.000000000000000000E+00
 prowav 1 0.836557633344162249E-01
 prowav 1 0.836558205178577485E-01
 prowav 1 0.836557633344161833E-01
 prowav 1 0.836558205178577485E-01
 prowav 2 0.141302376070328992E-04
 prowav 2 0.141299562520272570E-04
 prowav 2 0.141302376070328992E-04
 prowav 2 0.141299562520272536E-04
 prowav 0 0.000000000000000000E+00
 prowav 0 0.000000000000000000E+00

 n = 1  l = 0  s =  .5
        a extr          .757
        r extr         1.894
        r zero    
        r 90/99 %      3.076   4.420
 prowav 1 0.836559057761597780E-01
 prowav 1 0.836559298575024757E-01

 n = 2  l = 1  s = -.5
        a extr          .698
        r extr         2.160
        r zero    
        r 90/99 %      3.901   5.747
 prowav 1 0.836559057761598890E-01
 prowav 1 0.836559298575025451E-01

 n = 2  l = 1  s =  .5
        a extr          .698
        r extr         2.160
        r zero    
        r 90/99 %      3.901   5.747
 prowav 2 0.141295119396382997E-04
 prowav 2 0.141293917861530481E-04

 n = 3  l = 2  s = -.5
        a extr          .203
        r extr       111.957
        r zero    
        r 90/99 %    118.363 119.852
        WARNING:  This orbital is not bound!
 prowav 2 0.141295119396382946E-04
 prowav 2 0.141293917861530481E-04

 n = 3  l = 2  s =  .5
        a extr          .203
        r extr       111.957
        r zero    
        r 90/99 %    118.363 119.852
        WARNING:  This orbital is not bound!

Total number of iterations needed for electron screening potential is 13



 Te output data for orbitals
 ----------------------------

 nl    s      occ         eigenvalue    kinetic energy      pot energy

 1s    .5    2.0000      -1.08858085        .51527400        .00000000
 2p   -.5    1.3333       -.48186476        .85747494       -.00307129
 2p    .5    2.6667       -.48186476        .85747494        .05701144
 3d   -.5     .0000        .00000000        .00139855        .00000000
 3d    .5     .0000        .00000000        .00139855        .00000000


 total energies
 --------------

 sum of eigenvalues        =       -4.10462073
 kinetic energy from ek    =        4.46044775
 el-ion interaction energy =         .14793544
 el-el  interaction energy =       13.43104586
 vxc    correction         =       -5.06753942
 virial correction         =       20.02715041
 exchange + corr energy    =       -8.80744217
 kinetic energy from ev    =      -26.04710846
 potential energy          =        4.77153913
 ---------------------------------------------
 total energy              =      -21.27556934


 The total time for the K-B Atomic  calculation is       .00000 seconds
