 atom-LDAcaTODAY          Tellurium 
 Te pseudopotential generation
 -----------------------------

 r e l a t i v i s t i c ! !

 correlation = ca      spin-polarized

 nuclear charge             = 52.000000
 number of core orbitals    = 14
 number of valence orbitals =  5
 electronic charge          = 52.000000
 ionic charge               =   .000000


 input data for orbitals

  i    n    l    s     j     occ

  1    1    0    .5    .5    2.0000
  2    2    0    .5    .5    2.0000
  3    2    1   -.5    .5    2.0000
  4    2    1    .5   1.5    4.0000
  5    3    0    .5    .5    2.0000
  6    3    1   -.5    .5    2.0000
  7    3    1    .5   1.5    4.0000
  8    3    2   -.5   1.5    4.0000
  9    3    2    .5   2.5    6.0000
 10    4    0    .5    .5    2.0000
 11    4    1   -.5    .5    2.0000
 12    4    1    .5   1.5    4.0000
 13    4    2   -.5   1.5    4.0000
 14    4    2    .5   2.5    6.0000
 15    5    0    .5    .5    2.0000
 16    5    1   -.5    .5    1.3333
 17    5    1    .5   1.5    2.6667
 18    5    2   -.5   1.5     .0000
 19    5    2    .5   2.5     .0000


 radial grid parameters

 r(1) = .0 , r(2) = .600E-06 , ... , r(1180) = 119.852
 a =  6.000  b =  80.000


 n = 1  l = 0  s =  .5
        a extr         5.252
        b extr        -1.024
        r extr          .018
        r zero    
        r 90/99 %       .050    .081

 n = 2  l = 0  s =  .5
        a extr         1.550  -3.027
        b extr         -.390    .110
        r extr          .013    .102
        r zero          .037
        r 90/99 %       .185    .269

 n = 2  l = 1  s = -.5
        a extr         3.033
        b extr          .137
        r extr          .078
        r zero    
        r 90/99 %       .165    .249

 n = 2  l = 1  s =  .5
        a extr         2.983
        b extr         -.261
        r extr          .083
        r zero    
        r 90/99 %       .174    .259

 n = 3  l = 0  s =  .5
        a extr          .677  -1.129   1.998
        b extr         -.174    .052   -.026
        r extr          .013    .082    .294
        r zero          .035    .145
        r 90/99 %       .478    .661

 n = 3  l = 1  s = -.5
        a extr         1.115  -1.959
        b extr          .066   -.024
        r extr          .060    .280
        r zero          .126
        r 90/99 %       .472    .661

 n = 3  l = 1  s =  .5
        a extr         1.100  -1.931
        b extr         -.125    .049
        r extr          .063    .290
        r zero          .131
        r 90/99 %       .490    .686

 n = 3  l = 2  s = -.5
        a extr         1.874
        b extr          .057
        r extr          .236
        r zero    
        r 90/99 %       .466    .686

 n = 3  l = 2  s =  .5
        a extr         1.866
        b extr         -.085
        r extr          .239
        r zero    
        r 90/99 %       .472    .695

 n = 4  l = 0  s =  .5
        a extr          .311   -.508    .768  -1.346
        b extr         -.080    .024   -.012    .007
        r extr          .013    .080    .245    .702
        r zero          .035    .139    .383
        r 90/99 %      1.104   1.528

 n = 4  l = 1  s = -.5
        a extr          .480   -.722   1.287
        b extr          .030   -.011    .006
        r extr          .058    .231    .722
        r zero          .120    .376
        r 90/99 %      1.175   1.647

 n = 4  l = 1  s =  .5
        a extr          .472   -.709   1.265
        b extr         -.055    .022   -.012
        r extr          .061    .240    .746
        r zero          .125    .389
        r 90/99 %      1.220   1.710

 n = 4  l = 2  s = -.5
        a extr          .602  -1.112
        b extr          .023   -.010
        r extr          .187    .806
        r zero          .362
        r 90/99 %      1.490   2.195

 n = 4  l = 2  s =  .5
        a extr          .597  -1.104
        b extr         -.034    .015
        r extr          .190    .815
        r zero          .366
        r 90/99 %      1.509   2.223

 n = 5  l = 0  s =  .5
        a extr          .110   -.179    .266   -.404    .800
        b extr         -.028    .008   -.004    .003   -.002
        r extr          .013    .080    .240    .604   1.788
        r zero          .035    .138    .369    .916
        r 90/99 %      3.076   4.366

 n = 5  l = 1  s = -.5
        a extr          .140   -.208    .323   -.694
        b extr          .009   -.003    .002   -.001
        r extr          .057    .226    .623   2.093
        r zero          .119    .364    .975
        r 90/99 %      3.901   5.747

 n = 5  l = 1  s =  .5
        a extr          .135   -.199    .311   -.674
        b extr         -.016    .006   -.004    .002
        r extr          .061    .235    .645   2.192
        r zero          .124    .377   1.012
        r 90/99 %      4.101   6.118

 n = 5  l = 2  s = -.5
        a extr          .000    .000    .201
        b extr          .000    .000    .000
        r extr          .185    .714 112.556
        r zero          .355   1.267
        r 90/99 %    118.363 119.852
        WARNING:  This orbital is not bound!

 n = 5  l = 2  s =  .5
        a extr          .000    .000    .201
        b extr          .000    .000    .000
        r extr          .188    .722 112.556
        r zero          .359   1.285
        r 90/99 %    118.363 119.852
        WARNING:  This orbital is not bound!

Total number of iterations needed for electron screening potential is 27



 Te output data for orbitals
 ----------------------------

 nl    s      occ         eigenvalue    kinetic energy      pot energy

 1s    .5    2.0000   -2309.44598571        .00000000   -5758.01963071
 2s    .5    2.0000    -354.53295290        .00000000   -1341.85759222
 2p   -.5    2.0000    -332.62945351        .00000000   -1340.89578077
 2p    .5    4.0000    -312.64668900        .00000000   -1241.21791245
 3s    .5    2.0000     -70.55370203        .00000000    -477.07396133
 3p   -.5    2.0000     -61.46943401        .00000000    -468.22662243
 3p    .5    4.0000     -57.74326913        .00000000    -443.61106006
 3d   -.5    4.0000     -41.58362374        .00000000    -428.70265179
 3d    .5    6.0000     -40.80046668        .00000000    -422.35550039
 4s    .5    2.0000     -12.00509090        .00000000    -190.97993983
 4p   -.5    2.0000      -8.86972023        .00000000    -179.38654192
 4p    .5    4.0000      -8.15407316        .00000000    -171.26229929
 4d   -.5    4.0000      -3.13038677        .00000000    -143.65859667
 4d    .5    6.0000      -3.02210398        .00000000    -141.57171149
 5s    .5    2.0000      -1.12461424        .00000000     -65.33671815
 5p   -.5    1.3333       -.49100406        .00000000     -52.46728711
 5p    .5    2.6667       -.43105739        .00000000     -49.66716326
 5d   -.5     .0000        .00000000        .00000000      -1.01450986
 5d    .5     .0000        .00000000        .00000000      -1.01450981


 total energies
 --------------

 sum of eigenvalues        =    -8259.03365668
 kinetic energy from ek    =         .00000000
 el-ion interaction energy =   -32943.32907853
 el-el  interaction energy =     5398.21396203
 vxc    correction         =     -415.19923335
 virial correction         =       38.95796798
 exchange + corr energy    =     -321.13891700
 kinetic energy from ev    =    14303.06673113
 potential energy          =   -27866.25403351
 ---------------------------------------------
 total energy              =   -13563.18730237


 virial theorem(nonrelativistic)
 --------------

 kinetic energy  *  2      =    28606.13346227
 potential energy          =   -27866.25403351
 virial correction         =       38.95796798
 ---------------------------------------------
 virial sum                =      778.83739674


%%%%%%%%%%%%%%%%%%%%%%%%%%%%%%%%%%%%%%%%%%%%%%%%%%%%%%%%%%%%


