========================================================================
pseudopotential program version  7.3.3   date:  0 -  0 -    0
========================================================================

 ifae =   1    ifpsp =   0    ifprt =   0    ifplw =   0    ilogd =   3
 rlogd=   1.80000     emin=  -2.40000     emax=   1.60000     nnt=   40
 thresh, tol =   1.000E-10   1.000E-09    damp =  .100    maxit = 400

          *************************************************************
          chromium             Perdew Wang 1991    exchange-correlation
          *************************************************************

 z =  24.    xion =  .00    exfact =   4.00000    irel=   2
 ncspvs =    7
 rmax = 200.00000    aasf =   6.00000    bbsf =  59.00000

 value of mesh generated in rinit is   857
 irel = 2 so all electron calculations use koelling-harmon equations


                         the system has converged with
                                 delta=  .9551768D-09


                             the eigenvalues are


          orbital          occupation          energy
           100                   2.00            -432.62609
           200                   2.00             -49.37340
           210                   6.00             -41.55865
           300                   2.00              -5.73020
           310                   6.00              -3.62441
           400                   2.00               -.36463
           320                   4.00               -.44570
 etot=  -2101.63312 ryd ;     -28592.71759 ev            ebsr,ehar,emvxc=  -1249.06984    881.41799     28.85472

 subroutine lderiv: pass   1

 leaving lderiv
