========================================================================
pseudopotential program version  7.3.3   date:  0 -  0 -    0
========================================================================

 ifae =   1    ifpsp =   0    ifprt =   0    ifplw =   0    ilogd =   3
 rlogd=   2.60000     emin=  -2.00000     emax=   2.00000     nnt=   80
 thresh, tol =   1.000E-10   1.000E-09    damp =  .100    maxit = 400

          *************************************************************
          cadmium              Perdew Wang 1991    exchange-correlation
          *************************************************************

 z =  48.    xion =  .00    exfact =   4.00000    irel=   2
 ncspvs =   11
 rmax = 200.00000    aasf =  13.00000    bbsf =  40.00000

 value of mesh generated in rinit is   889
 irel = 2 so all electron calculations use koelling-harmon equations


                         the system has converged with
                                 delta=  .9554995D-09


                             the eigenvalues are


          orbital          occupation          energy
           100                   2.00           -1949.85377
           200                   2.00            -289.48568
           210                   6.00            -259.77459
           300                   2.00             -53.95150
           310                   6.00             -44.20518
           320                  10.00             -28.94573
           400                   2.00              -7.78899
           410                   6.00              -4.92607
           420                  10.00               -.86638
           500                   2.00               -.42096
           510                    .00               -.09107
 etot= -11191.00419 ryd ;    -152253.60692 ev            ebsr,ehar,emvxc=  -6754.55800   4530.65448     94.20829

 subroutine lderiv: pass   1

 leaving lderiv
