========================================================================
pseudopotential program version  7.3.3   date:  0 -  0 -    0
========================================================================

 ifae =   1    ifpsp =   0    ifprt =   0    ifplw =   0    ilogd =   3
 rlogd=   2.60000     emin=  -2.00000     emax=   2.00000     nnt=   80
 thresh, tol =   1.000E-10   1.000E-09    damp =  .500    maxit = 250

          *************************************************************
          Nickel               Perdew Wang 1991    exchange-correlation
          *************************************************************

 z =  28.    xion =  .00    exfact =   4.00000    irel=   2
 ncspvs =    8
 rmax = 200.00000    aasf =   7.00000    bbsf =  60.00000

 value of mesh generated in rinit is   939
 irel = 2 so all electron calculations use koelling-harmon equations


                         the system has converged with
                                 delta=  .7664855D-09


                             the eigenvalues are


          orbital          occupation          energy
           100                   2.00            -603.71430
           200                   2.00             -72.17914
           210                   6.00             -62.11273
           300                   2.00              -8.16264
           310                   6.00              -5.25066
           320                   8.00               -.65811
           400                   2.00               -.41929
           410                    .00               -.09396
 etot=  -3041.83588 ryd ;     -41384.17577 ev            ebsr,ehar,emvxc=  -1778.39598   1301.36131     37.92141

 subroutine lderiv: pass   1

 leaving lderiv
