========================================================================
pseudopotential program version  7.3.3   date:  0 -  0 -    0
========================================================================

 ifae =   1    ifpsp =   0    ifprt =   0    ifplw =   0    ilogd =   3
 rlogd=   1.80000     emin=  -2.40000     emax=   1.60000     nnt=   40
 thresh, tol =   1.000E-10   1.000E-09    damp =  .100    maxit = 400

          *************************************************************
           vanadium            Perdew Wang 1991    exchange-correlation
          *************************************************************

 z =  23.    xion =  .00    exfact =   4.00000    irel=   2
 ncspvs =    7
 rmax = 200.00000    aasf =   6.00000    bbsf =  59.00000

 value of mesh generated in rinit is   853
 irel = 2 so all electron calculations use koelling-harmon equations


                         the system has converged with
                                 delta=  .9241283D-09


                             the eigenvalues are


          orbital          occupation          energy
           100                   2.00            -394.39048
           200                   2.00             -44.30347
           210                   6.00             -37.00422
           300                   2.00              -5.16234
           310                   6.00              -3.24012
           400                   2.00               -.34891
           320                   3.00               -.38442
 etot=  -1898.54362 ryd ;     -25829.68511 ev            ebsr,ehar,emvxc=  -1131.02969    794.33551     26.82158

 subroutine lderiv: pass   1

 leaving lderiv
