========================================================================
pseudopotential program version  7.3.3   date:  0 -  0 -    0
========================================================================

 ifae =   1    ifpsp =   0    ifprt =   0    ifplw =   0    ilogd =   3
 rlogd=   1.80000     emin=  -2.40000     emax=   1.60000     nnt=   40
 thresh, tol =   1.000E-11   1.000E-09    damp =  .900    maxit = 250

          *************************************************************
          phosphorus           Perdew Wang 1991    exchange-correlation
          *************************************************************

 z =  15.    xion =  .00    exfact =   4.00000    irel=   2
 ncspvs =    5
 rmax = 200.00000    aasf =   7.00000    bbsf =  60.00000

 value of mesh generated in rinit is   903
 irel = 2 so all electron calculations use koelling-harmon equations


                         the system has converged with
                                 delta=  .8012592D-09


                             the eigenvalues are


          orbital          occupation          energy
           100                   2.00            -153.24780
           200                   2.00             -12.79309
           210                   6.00              -9.16342
           300                   2.00              -1.03015
           310                   3.00               -.40774
 etot=   -684.09593 ryd ;      -9307.12483 ev            ebsr,ehar,emvxc=   -390.34581    307.23509     13.48497

 subroutine lderiv: pass   1

 leaving lderiv
