========================================================================
pseudopotential program version  7.3.3   date:  0 -  0 -    0
========================================================================

 ifae =   1    ifpsp =   0    ifprt =   0    ifplw =   0    ilogd =   3
 rlogd=   1.80000     emin=  -2.40000     emax=   1.60000     nnt=   40
 thresh, tol =   1.000E-10   1.000E-09    damp =  .100    maxit = 400

          *************************************************************
           tantalum            Perdew Wang 1991    exchange-correlation
          *************************************************************

 z =  73.    xion =  .00    exfact =   4.00000    irel=   2
 ncspvs =   15
 rmax = 200.00000    aasf =   6.00000    bbsf =  59.00000

 value of mesh generated in rinit is   921
 irel = 2 so all electron calculations use koelling-harmon equations


                         the system has converged with
                                 delta=  .9387972D-09


                             the eigenvalues are


          orbital          occupation          energy
           100                   2.00           -4951.55017
           200                   2.00            -850.74482
           210                   6.00            -745.58894
           300                   2.00            -194.88906
           310                   6.00            -163.61146
           320                  10.00            -127.10370
           400                   2.00             -39.73039
           410                   6.00             -29.46975
           420                  10.00             -16.33420
           430                  14.00              -1.82015
           500                   2.00              -5.36931
           510                   6.00              -2.89952
           520                   3.00               -.26794
           600                   2.00               -.40368
           610                    .00               -.10559
 etot= -31210.72948 ryd ;    -424621.96033 ev            ebsr,ehar,emvxc= -19195.45797  12209.76828    194.49677

 subroutine lderiv: pass   1

 leaving lderiv
