========================================================================
pseudopotential program version  7.3.3   date:  0 -  0 -    0
========================================================================

 ifae =   1    ifpsp =   0    ifprt =   0    ifplw =   0    ilogd =   3
 rlogd=   2.60000     emin=  -2.00000     emax=   2.00000     nnt=   80
 thresh, tol =   1.000E-10   1.000E-09    damp =  .100    maxit = 500

          *************************************************************
          Ru                   Perdew Wang 1991    exchange-correlation
          *************************************************************

 z =  44.    xion =  .00    exfact =   4.00000    irel=   2
 ncspvs =   11
 rmax = 200.00000    aasf =   7.00000    bbsf =  60.00000

 value of mesh generated in rinit is   967
 irel = 2 so all electron calculations use koelling-harmon equations


                         the system has converged with
                                 delta=  .9225606D-09


                             the eigenvalues are


          orbital          occupation          energy
           100                   2.00           -1612.59667
           200                   2.00            -231.86476
           210                   6.00            -207.68254
           300                   2.00             -40.82794
           310                   6.00             -32.88049
           320                  10.00             -20.08600
           400                   2.00              -5.61797
           410                   6.00              -3.41575
           420                   7.00               -.38629
           500                   1.00               -.31569
           510                    .00               -.07094
 etot=  -9062.98095 ryd ;    -123301.85170 ev            ebsr,ehar,emvxc=  -5449.56708   3694.64144     81.22757

 subroutine lderiv: pass   1

 leaving lderiv
