========================================================================
pseudopotential program version  7.3.3   date:  0 -  0 -    0
========================================================================

 ifae =   1    ifpsp =   0    ifprt =   0    ifplw =   0    ilogd =   3
 rlogd=   1.80000     emin=  -2.40000     emax=   1.60000     nnt=   40
 thresh, tol =   1.000E-10   1.000E-09    damp =  .100    maxit = 400

          *************************************************************
           tungsten            Perdew Wang 1991    exchange-correlation
          *************************************************************

 z =  74.    xion =  .00    exfact =   4.00000    irel=   2
 ncspvs =   15
 rmax = 200.00000    aasf =   6.00000    bbsf =  59.00000

 value of mesh generated in rinit is   923
 irel = 2 so all electron calculations use koelling-harmon equations


                         the system has converged with
                                 delta=  .9864288D-09


                             the eigenvalues are


          orbital          occupation          energy
           100                   2.00           -5107.77763
           200                   2.00            -881.60862
           210                   6.00            -771.05248
           300                   2.00            -203.03865
           310                   6.00            -170.29789
           320                  10.00            -132.62875
           400                   2.00             -41.88242
           410                   6.00             -31.14242
           420                  10.00             -17.52812
           430                  14.00              -2.44568
           500                   2.00              -5.81601
           510                   6.00              -3.17941
           520                   4.00               -.33341
           600                   2.00               -.42385
           610                    .00               -.10382
 etot= -32286.57000 ryd ;    -439258.77010 ev            ebsr,ehar,emvxc= -19872.26938  12613.54397    199.24334

 subroutine lderiv: pass   1

 leaving lderiv
