========================================================================
pseudopotential program version  7.3.3   date:  0 -  0 -    0
========================================================================

 ifae =   1    ifpsp =   0    ifprt =   0    ifplw =   0    ilogd =   3
 rlogd=   2.60000     emin=  -2.00000     emax=   2.00000     nnt=   80
 thresh, tol =   1.000E-10   1.000E-09    damp =  .100    maxit = 400

          *************************************************************
          silver               Perdew Wang 1991    exchange-correlation
          *************************************************************

 z =  47.    xion =  .00    exfact =   4.00000    irel=   2
 ncspvs =   11
 rmax = 200.00000    aasf =  13.00000    bbsf =  40.00000

 value of mesh generated in rinit is   887
 irel = 2 so all electron calculations use koelling-harmon equations


                         the system has converged with
                                 delta=  .9508756D-09


                             the eigenvalues are


          orbital          occupation          energy
           100                   2.00           -1861.99339
           200                   2.00            -274.15848
           210                   6.00            -245.93390
           300                   2.00             -50.25778
           310                   6.00             -40.98726
           320                  10.00             -26.36141
           400                   2.00              -6.99104
           410                   6.00              -4.30921
           420                  10.00               -.55152
           500                   1.00               -.32793
           510                    .00               -.05825
 etot= -10633.71593 ryd ;    -144671.70036 ev            ebsr,ehar,emvxc=  -6403.64088   4321.04575     90.97069

 subroutine lderiv: pass   1

 leaving lderiv
