========================================================================
pseudopotential program version  7.3.3   date:  0 -  0 -    0
========================================================================

 ifae =   1    ifpsp =   0    ifprt =   0    ifplw =   0    ilogd =   3
 rlogd=   1.80000     emin=  -2.40000     emax=   1.60000     nnt=   40
 thresh, tol =   1.000E-10   1.000E-09    damp =  .500    maxit = 250

          *************************************************************
          gallium              Perdew Wang 1991    exchange-correlation
          *************************************************************

 z =  31.    xion =  .00    exfact =   4.00000    irel=   2
 ncspvs =    8
 rmax = 200.00000    aasf =   6.00000    bbsf =  59.00000

 value of mesh generated in rinit is   871
 irel = 2 so all electron calculations use koelling-harmon equations


                         the system has converged with
                                 delta=  .8970802D-09


                             the eigenvalues are


          orbital          occupation          energy
           100                   2.00            -752.01113
           200                   2.00             -92.79630
           210                   6.00             -80.79766
           300                   2.00             -10.88632
           310                   6.00              -7.26983
           320                  10.00              -1.41384
           400                   2.00               -.66311
           410                   1.00               -.19248
 etot=  -3888.72014 ryd ;     -52906.03578 ev            ebsr,ehar,emvxc=  -2255.44947   1678.73728     45.46661

 subroutine lderiv: pass   1

 leaving lderiv
