 ***********************************************
 ******** iteration           1 ***************
  1  1  1.0000000 0.35345226E-04   .1E-01 .1E-01
  1  2  1.0000000 -.36755781E-04   .7E-02 .7E-02
 ***********************************************
 ******** iteration           1 ***************
  1  1  1.0000000 0.35352008E-04   .2E-01 .1E-01
  1  2  1.0000000 -.36763386E-04   .2E-01 .2E-01
 ***********************************************
 ******** iteration           1 ***************
  1  1  1.0000000 -.57244860E-04   .1E-01 .1E-01
  1  2  1.0000000 0.11557533E-03   .1E-01 .1E-01
 ***********************************************
 ******** iteration           1 ***************
  1  1  1.0000000 -.57247395E-04   .3E-02 .5E-02
  1  2  1.0000000 0.11558280E-03   .8E-02 .6E-02
 ***********************************************
 ******** iteration           1 ***************
  1  1  1.0000000 0.19630058E-03   .1E-01 .1E-01
  1  2  1.0000000 -.18949905E-03   .1E-01 .1E-01
 ***********************************************
 ******** iteration           1 ***************
  1  1  1.0000000 0.19630879E-03   .9E-02 .7E-02
  1  2  1.0000000 -.18950850E-03   .6E-02 .9E-02
 ***********************************************
 ******** iteration           1 ***************
  1  1  1.0000000 0.77978817E-04   .3E-02 .6E-03
  1  2  1.0000000 -.26130870E-03   .1E-01 .1E-01
 ***********************************************
 ******** iteration           1 ***************
  1  1  1.0000000 0.77981709E-04   .1E-01 .1E-01
  1  2  1.0000000 -.26132154E-03   .6E-02 .9E-02
 ***********************************************
 ******** iteration           1 ***************
  1  1  1.0000000 -.37075612E-03   .7E-02 .9E-02
  1  2  1.0000000 0.37502952E-03   .9E-02 .7E-02
 ***********************************************
 ******** iteration           1 ***************
  1  1  1.0000000 -.37076195E-03   .9E-02 .1E-01
  1  2  1.0000000 0.37503588E-03   .1E-01 .9E-02
 ***********************************************
 ******** iteration           1 ***************
  1  1  1.0000000 -.15913762E-03   .1E-01 .1E-01
  1  2  1.0000000 0.44762871E-03   .9E-02 .6E-02
 ***********************************************
 ******** iteration           1 ***************
  1  1  1.0000000 -.15914123E-03   .9E-03 .5E-02
  1  2  1.0000000 0.44764130E-03   .1E-01 .9E-02
 ***********************************************
 ******** iteration           1 ***************
  1  1  1.0000000 0.51997508E-03   .1E-01 .9E-02
  1  2  1.0000000 -.52711774E-03   .8E-02 .1E-01
 ***********************************************
 ******** iteration           1 ***************
  1  1  1.0000000 0.51998280E-03   .1E-01 .6E-02
  1  2  1.0000000 -.52711336E-03   .6E-02 .1E-01
 ***********************************************
 ******** iteration           1 ***************
  1  1  1.0000000 0.38698374E-04   .3E-02 .2E-02
  1  2  0.9999999 -.63621513E-03   .8E-02 .1E-01
 ***********************************************
 ******** iteration           1 ***************
  1  1  1.0000000 0.38697517E-04   .1E-01 .1E-01
  1  2  1.0000000 -.63620376E-03   .6E-02 .1E-01
 ***********************************************
 ******** iteration           1 ***************
  1  1  0.9999999 -.66921060E-03   .4E-02 .8E-02
  1  2  0.9999999 0.75879423E-03   .1E-01 .6E-02
 ***********************************************
 ******** iteration           1 ***************
  1  1  1.0000000 -.66921471E-03   .1E-01 .1E-01
  1  2  1.0000000 0.75876841E-03   .1E-01 .8E-02
 ***********************************************
 ******** iteration           1 ***************
  1  1  0.9999999 -.79266974E-03   .8E-02 .1E-01
  1  2  0.9999999 0.84931919E-03   .1E-01 .6E-02
 ***********************************************
 ******** iteration           1 ***************
  1  1  1.0000000 -.79266353E-03   .5E-02 .1E-01
  1  2  1.0000000 0.84927749E-03   .1E-01 .8E-02
