========================================================================
pseudopotential program version  7.3.3   date:  0 -  0 -    0
========================================================================

 ifae =   1    ifpsp =   0    ifprt =   0    ifplw =   0    ilogd =   3
 rlogd=   1.80000     emin=  -2.40000     emax=   1.60000     nnt=   40
 thresh, tol =   1.000E-11   1.000E-09    damp =  .500    maxit = 250

          *************************************************************
          Silicon              Perdew Wang 1991    exchange-correlation
          *************************************************************

 z =  14.    xion =  .00    exfact =   4.00000    irel=   2
 ncspvs =    5
 rmax = 200.00000    aasf =   7.00000    bbsf =  60.00000

 value of mesh generated in rinit is   899
 irel = 2 so all electron calculations use koelling-harmon equations


                         the system has converged with
                                 delta=  .6468527D-09


                             the eigenvalues are


          orbital          occupation          energy
           100                   2.00            -131.32281
           200                   2.00             -10.25758
           210                   6.00              -7.03560
           300                   2.00               -.79801
           310                   2.00               -.30255
 etot=   -579.93653 ryd ;      -7890.03628 ev            ebsr,ehar,emvxc=   -327.57547    264.44653     12.08546

 subroutine lderiv: pass   1

 leaving lderiv
