========================================================================
pseudopotential program version  7.3.3   date:  0 -  0 -    0
========================================================================

 ifae =   0    ifpsp =   2    ifprt =   0    ifplw =   1    ilogd =   3
 rlogd=   2.40000     emin=  -6.00000     emax=   2.00000     nnt=   40
 thresh, tol =   1.000E-10   1.000E-09    damp =  .500    maxit = 250
 ncores =    6    nvales =    2    nang =    2
 core charge = 28.00000 and valence charge =  6.00000
 besrmax = 10.00    besemin = 30.00    besemax = 40.00    besde=  5.00
 keyps =    3   ifpcor =    0   rinner =    .80000   rpcor =    .00000
 nbeta =  4     rcloc =   1.700
 rc for s, p, d, f =   1.70000      1.70000
 ib, lll, eee, iptype =   1   0  -1.243   0
 ib, lll, eee, iptype =   2   0    .200   0
 ib, lll, eee, iptype =   3   1   -.492   0
 ib, lll, eee, iptype =   4   1    .600   0
 lloc =  1     eloc =  -2.00000     iploctype=  1
 ifqopt =  1     nqf =  6     qtryc =  10.00000     nfix =  0

 value of mesh generated in rinit is   821
 irel = 0 so all electron calculations use schroedinger equations


                         the system has converged with
                                 delta=  .1055938D-09


                             the eigenvalues are


          orbital          occupation          energy
           100                   2.00            -902.58107
           200                   2.00            -114.62236
           210                   6.00            -103.02952
           300                   2.00             -15.09368
           310                   6.00             -11.10666
           320                  10.00              -4.02238
           400                   2.00              -1.24251
           410                   4.00               -.49195
 etot=  -4796.14189 ryd ;     -65251.50825 ev            ebsr,ehar,emvxc=  -2794.08790   2056.35243     54.29844

 subroutine prwf: writing wavefunctions to unit iplot

 subroutine lderiv: pass   1

 leaving lderiv

 -----------------------------------------------
 begin subroutine scpgef
 -----------------------------------------------

   rcmax, rbeta, rlogd =    1.70000   2.67002   2.40000
          kkbeta,klogd =                  621       615
   lloc = 1 so new pseudization scheme for vloc with eloc =   -2.000

   generating vloc with lloc  1 eloc = -2.00000
   calling phase
   calling pswf1

   subroutine pswf1
   leaving pswf1
   calling phase

   -------------------------------------------
   constructing ibeta = 1
   -------------------------------------------

   ibeta,lcur,ecur,ipsu    1    0 -1.2425    0
   calling phase
   calling pswf - polynomial pseudization

   subroutine pswf
   leaving pswf

   -------------------------------------------
   constructing ibeta = 2
   -------------------------------------------

   ibeta,lcur,ecur,ipsu    2    0   .2000    0
   calling phase
   calling pswf - polynomial pseudization

   subroutine pswf
   leaving pswf

   -------------------------------------------
   constructing ibeta = 3
   -------------------------------------------

   ibeta,lcur,ecur,ipsu    3    1  -.4920    0
   calling phase
   calling pswf - polynomial pseudization

   subroutine pswf
   leaving pswf

   -------------------------------------------
   constructing ibeta = 4
   -------------------------------------------

   ibeta,lcur,ecur,ipsu    4    1   .6000    0
   calling phase
   calling pswf - polynomial pseudization

   subroutine pswf
   leaving pswf

   -------------------------------------------
   construct beta functions and matrices
   -------------------------------------------

    matrix b(i,j)

       1.15228       -.73309        .00000        .00000
      -1.15416        .73389        .00000        .00000
        .00000        .00000       7.63815       3.92589
        .00000        .00000       9.77548       5.24101

    matrix q(i,j)

       -.40840        .29191        .00000        .00000
        .29191       -.20749        .00000        .00000
        .00000        .00000      -8.13914      -5.35779
        .00000        .00000      -5.35779      -3.44698

    matrix d(i,j)

       1.65971      -1.09579        .00000        .00000
      -1.09577        .69239        .00000        .00000
        .00000        .00000      11.64220       6.56166
        .00000        .00000       6.56081       3.17283

    matrix d(i,j)

       1.65971      -1.09578        .00000        .00000
      -1.09578        .69239        .00000        .00000
        .00000        .00000      11.64220       6.56123
        .00000        .00000       6.56123       3.17283

    matrix i(i,j)

   -1617.22940   -1615.46155        .00000        .00000
   -2543.35162   -2539.20879        .00000        .00000
        .00000        .00000       3.16839      -2.37335
        .00000        .00000      -5.90965       4.61755

   -------------------------------------------
   transform so betas are orthogonal
   -------------------------------------------
 
  after transformation :

    matrix q(i,j)

       -.66408       -.88755        .00000        .00000
       -.88755       -.82353        .00000        .00000
        .00000        .00000       -.39772        .20798
        .00000        .00000        .20798        .04089

    matrix d(i,j)

        .67668      -3.55878        .00000        .00000
      -3.55878     -19.98732        .00000        .00000
        .00000        .00000      -1.19319       2.13717
        .00000        .00000       2.13717      -3.35932

   -------------------------------------------
   pseudize q-functions
   -------------------------------------------
 

   subroutine psqf1, ifinit =  F

   subroutine psqf1, ifinit =  T

   subroutine psqf1, ifinit =  T

   subroutine psqf1, ifinit =  T

   subroutine psqf1, ifinit =  T

   subroutine psqf1, ifinit =  T

   subroutine psqf1, ifinit =  T

   subroutine psqf1, ifinit =  T

   subroutine psqf1, ifinit =  T

   subroutine psqf1, ifinit =  T

   subroutine psqf1, ifinit =  T

   subroutine psqf1, ifinit =  T

   subroutine psqf1, ifinit =  T

   subroutine psqf1, ifinit =  T

   subroutine psqf1, ifinit =  T

   subroutine psqf1, ifinit =  T

 -----------------------------------------------
 end subroutine scpgef
 -----------------------------------------------

   intermed rsvale for lp= 1  2.25102302
     alpha=   .63234759  -.13890712
     integrated rsvale after lp 1  2.00000007
   intermed rsvale for lp= 2  6.06989029
     alpha=  -.38746968  -.24663683
     integrated rsvale after lp 2  6.00000010
   balancing valence density, asum =  6.00000010 wwsum =  6.00000000

 subroutine descrn: descreen the psp

 value of screened s potential at origin =    -2.5575603

 total energy = -18.5745634
 leaving descrn

 pseudopotential has been written out

    ============================================================
    |  pseudopotential report: version  7.3.3 date  0- 0-   0  |
    ------------------------------------------------------------
    |   selenium                 ceperley-alder exchange-corr  |
    |  z =  34.    zv =   6.    exfact =    .00000             |
    |                            etot  = -18.57456             |
    |  index    orbital      occupation    energy              |
    |    1        400           2.00       -1.24               |
    |    2        410           4.00        -.49               |
    |  keyps = 3     ifpcor = 0     rpcor =    .00000          |
    |  rinner =       .80     for L=    1                      |
    |  rinner =       .80     for L=    2                      |
    |  rinner =       .80     for L=    3                      |
    |    new generation scheme:                                |
    |    nbeta =  4     kkbeta =  621     rcloc =    1.7000    |
    |    ibeta      l    epsilon   rcut iptype                 |
    |       1      0      -1.24   1.70      0                  |
    |       2      0        .20   1.70      0                  |
    |       3      1       -.49   1.70      0                  |
    |       4      1        .60   1.70      0                  |
    |  lloc   = 1  eloc   =  -2.000                            |
    |  ifqopt = 1  nqf    = 6  qtryc =  10.000                 |
    |  all electron calculation used schroedinger equation     |
    |         ************logarithmic mesh************         |
    ============================================================

 subroutine prwf: writing wavefunctions to unit iplot

   all electron and pseudo energies

                       400                      410

                    full     pseudo          full     pseudo  
    energy    -1.2425086 -1.2425086     -.4919504  -.4919502

 subroutine lderiv: pass   2

 leaving lderiv

 -------------------------------------------------
 eigensolution in bessel basis with cutoff 30.00
 -------------------------------------------------

   eigenvalues of local potential 
   l= 0        .000000    .000000
   l= 1       -.518057    .133444

   eigenvalues of US hamiltonian 
   l= 0       -.518057    .133444    .612528   1.353934
   l= 1       -.491857    .137725    .619917   1.362021

 -------------------------------------------------
 eigensolution in bessel basis with cutoff 35.00
 -------------------------------------------------

   eigenvalues of local potential 
   l= 0       -.491857    .137725
   l= 1       -.518083    .133442

   eigenvalues of US hamiltonian 
   l= 0       -.518083    .133442    .612526   1.353930
   l= 1       -.491891    .137720    .619908   1.362010

 -------------------------------------------------
 eigensolution in bessel basis with cutoff 40.00
 -------------------------------------------------

   eigenvalues of local potential 
   l= 0       -.491891    .137720
   l= 1       -.518092    .133440

   eigenvalues of US hamiltonian 
   l= 0       -.518092    .133440    .612523   1.353924
   l= 1       -.491903    .137718    .619904   1.362004
