========================================================================
pseudopotential program version  7.3.3   date:  0 -  0 -    0
========================================================================

 ifae =   1    ifpsp =   0    ifprt =   0    ifplw =   0    ilogd =   3
 rlogd=   2.60000     emin=  -2.00000     emax=   2.00000     nnt=   80
 thresh, tol =   1.000E-10   1.000E-09    damp =  .200    maxit = 250

          *************************************************************
          Natrium              Perdew Wang 1991    exchange-correlation
          *************************************************************

 z =  11.    xion =  .20    exfact =   4.00000    irel=   2
 ncspvs =    6
 rmax = 300.00000    aasf =   7.00000    bbsf =  60.00000

 value of mesh generated in rinit is   909
 irel = 2 so all electron calculations use koelling-harmon equations


                         the system has converged with
                                 delta=  .9871044D-09


                             the eigenvalues are


          orbital          occupation          energy
           100                   2.00             -76.17170
           200                   2.00              -4.32728
           210                   6.00              -2.26772
           300                    .60               -.29696
           310                    .10               -.13083
           320                    .10               -.03122
 etot=   -324.86936 ryd ;      -4419.84748 ev            ebsr,ehar,emvxc=   -174.79866    158.36376      8.29306

 subroutine lderiv: pass   1

 leaving lderiv
