========================================================================
pseudopotential program version  7.3.3   date:  0 -  0 -    0
========================================================================

 ifae =   1    ifpsp =   0    ifprt =   0    ifplw =   0    ilogd =   3
 rlogd=   1.80000     emin=  -2.40000     emax=   1.60000     nnt=   40
 thresh, tol =   1.000E-10   1.000E-09    damp =  .200    maxit = 400

          *************************************************************
           calcium_4.0         Perdew Wang 1991    exchange-correlation
          *************************************************************

 z =  20.    xion =  .00    exfact =   4.00000    irel=   2
 ncspvs =    7
 rmax = 200.00000    aasf =   6.00000    bbsf =  59.00000

 value of mesh generated in rinit is   845
 irel = 2 so all electron calculations use koelling-harmon equations


                         the system has converged with
                                 delta=  .9891715D-09


                             the eigenvalues are


          orbital          occupation          energy
           100                   2.00            -290.35998
           200                   2.00             -30.46528
           210                   6.00             -24.62349
           300                   2.00              -3.46341
           310                   6.00              -2.06270
           400                   2.00               -.27908
           320                    .00               -.14709
 etot=  -1361.08031 ryd ;     -18517.49693 ev            ebsr,ehar,emvxc=   -809.25265    573.10876     21.28110

 subroutine lderiv: pass   1

 leaving lderiv
