========================================================================
pseudopotential program version  7.3.3   date:  0 -  0 -    0
========================================================================

 ifae =   1    ifpsp =   0    ifprt =   0    ifplw =   0    ilogd =   3
 rlogd=   2.60000     emin=  -2.00000     emax=   2.00000     nnt=   60
 thresh, tol =   1.000E-10   1.000E-09    damp =  .100    maxit = 400

          *************************************************************
          Gold                 Perdew Wang 1991    exchange-correlation
          *************************************************************

 z =  79.    xion =  .00    exfact =   4.00000    irel=   2
 ncspvs =   15
 rmax = 150.00000    aasf =   7.00000    bbsf =  60.00000

 value of mesh generated in rinit is   985
 irel = 2 so all electron calculations use koelling-harmon equations


                         the system has converged with
                                 delta=  .9643222D-09


                             the eigenvalues are


          orbital          occupation          energy
           100                   2.00           -5938.29184
           200                   2.00           -1047.89684
           210                   6.00            -905.85389
           300                   2.00            -247.47658
           310                   6.00            -206.28432
           320                  10.00            -162.30882
           400                   2.00             -53.86284
           410                   6.00             -40.35776
           420                  10.00             -24.15260
           430                  14.00              -6.16317
           500                   2.00              -8.16237
           510                   6.00              -4.58394
           520                   9.50               -.66623
           600                   1.00               -.52274
           610                    .50               -.11214
 etot= -38026.46611 ryd ;    -517350.05407 ev            ebsr,ehar,emvxc= -23491.66696  14758.68528    223.88613

 subroutine lderiv: pass   1

 leaving lderiv
