========================================================================
pseudopotential program version  7.3.3   date:  0 -  0 -    0
========================================================================

 ifae =   1    ifpsp =   0    ifprt =   0    ifplw =   0    ilogd =   3
 rlogd=   1.80000     emin=  -2.40000     emax=   1.60000     nnt=   60
 thresh, tol =   1.000E-10   1.000E-09    damp =  .100    maxit = 600

          *************************************************************
           Lanthanium4.0       Perdew Wang 1991    exchange-correlation
          *************************************************************

 z =  57.    xion =  .00    exfact =   4.00000    irel=   2
 ncspvs =   14
 rmax = 200.00000    aasf =   6.00000    bbsf =  59.00000

 value of mesh generated in rinit is   907
 irel = 2 so all electron calculations use koelling-harmon equations


                         the system has converged with
                                 delta=  .9631556D-09


                             the eigenvalues are


          orbital          occupation          energy
           100                   2.00           -2848.42717
           200                   2.00            -453.48919
           210                   6.00            -406.48465
           300                   2.00             -97.02751
           310                   6.00             -82.01664
           320                  10.00             -60.43871
           400                   2.00             -19.62595
           410                   6.00             -14.74389
           420                  10.00              -7.67872
           500                   2.00              -2.90642
           510                   6.00              -1.69005
           520                   1.00               -.26275
           600                   1.50               -.29657
           610                    .50               -.12033
 etot= -16988.22395 ryd ;    -231124.77904 ev            ebsr,ehar,emvxc= -10554.50595   6558.19961    124.48162

 subroutine lderiv: pass   1

 leaving lderiv
