========================================================================
pseudopotential program version  7.3.3   date:  0 -  0 -    0
========================================================================

 ifae =   1    ifpsp =   0    ifprt =   0    ifplw =   0    ilogd =   3
 rlogd=   1.80000     emin=  -2.40000     emax=   1.60000     nnt=   40
 thresh, tol =   1.000E-10   1.000E-09    damp =  .200    maxit = 400

          *************************************************************
           Barium_4.0          Perdew Wang 1991    exchange-correlation
          *************************************************************

 z =  56.    xion =  .00    exfact =   4.00000    irel=   2
 ncspvs =   14
 rmax = 200.00000    aasf =   6.00000    bbsf =  59.00000

 value of mesh generated in rinit is   907
 irel = 2 so all electron calculations use koelling-harmon equations


                         the system has converged with
                                 delta=  .8802872D-09


                             the eigenvalues are


          orbital          occupation          energy
           100                   2.00           -2738.71425
           200                   2.00            -432.89360
           210                   6.00            -388.21754
           300                   2.00             -91.37567
           310                   6.00             -77.05183
           320                  10.00             -56.23717
           400                   2.00             -17.92609
           410                   6.00             -13.30522
           420                  10.00              -6.59523
           500                   2.00              -2.47896
           510                   6.00              -1.37984
           520                    .00               -.15074
           600                   2.00               -.23969
           610                    .00               -.09327
 etot= -16272.84760 ryd ;    -221392.08412 ev            ebsr,ehar,emvxc= -10075.30706   6318.54312    121.00258

 subroutine lderiv: pass   1

 leaving lderiv
