========================================================================
pseudopotential program version  7.3.3   date:  0 -  0 -    0
========================================================================

 ifae =   1    ifpsp =   0    ifprt =   0    ifplw =   0    ilogd =   3
 rlogd=   1.80000     emin=  -2.40000     emax=   1.60000     nnt=   60
 thresh, tol =   1.000E-10   1.000E-09    damp =  .100    maxit = 600

          *************************************************************
           yttrium_4.0         Perdew Wang 1991    exchange-correlation
          *************************************************************

 z =  39.    xion =  .00    exfact =   4.00000    irel=   2
 ncspvs =   11
 rmax = 200.00000    aasf =   6.00000    bbsf =  59.00000

 value of mesh generated in rinit is   885
 irel = 2 so all electron calculations use koelling-harmon equations


                         the system has converged with
                                 delta=  .9522244D-09


                             the eigenvalues are


          orbital          occupation          energy
           100                   2.00           -1239.88066
           200                   2.00            -169.91825
           210                   6.00            -151.29848
           300                   2.00             -27.11877
           310                   6.00             -21.07745
           320                  10.00             -11.12215
           400                   2.00              -3.53088
           410                   6.00              -2.05459
           420                   1.00               -.18777
           500                   2.00               -.30441
           510                    .00               -.10820
 etot=  -6771.53851 ryd ;     -92126.77832 ev            ebsr,ehar,emvxc=  -4039.49841   2798.39906     66.35897

 subroutine lderiv: pass   1

 leaving lderiv
