========================================================================
pseudopotential program version  7.3.3   date:  0 -  0 -    0
========================================================================

 ifae =   1    ifpsp =   0    ifprt =   0    ifplw =   0    ilogd =   3
 rlogd=   1.80000     emin=  -2.40000     emax=   1.60000     nnt=   40
 thresh, tol =   1.000E-11   1.000E-09    damp =  .100    maxit = 250

          *************************************************************
          hydrogen             Perdew Wang 1991    exchange-correlation
          *************************************************************

 z =   1.    xion =  .00    exfact =   4.00000    irel=   0
 ncspvs =    1
 rmax =  80.00000    aasf =   6.00000    bbsf =  59.00000

 value of mesh generated in rinit is   615
 irel = 0 so all electron calculations use schroedinger equations


                         the system has converged with
                                 delta=  .9536353D-09


                             the eigenvalues are


          orbital          occupation          energy
           100                   1.00               -.48106
 etot=      -.92056 ryd ;        -12.52426 ev            ebsr,ehar,emvxc=      -.48106       .58039       .14088

 subroutine lderiv: pass   1

 leaving lderiv
