========================================================================
pseudopotential program version  7.3.3   date:  0 -  0 -    0
========================================================================

 ifae =   0    ifpsp =   2    ifprt =   1    ifplw =   1    ilogd =   3
 rlogd=   1.80000     emin=  -2.40000     emax=   1.60000     nnt=   40
 thresh, tol =   1.000E-11   1.000E-09    damp =  .500    maxit = 250
 ncores =    0    nvales =    1    nang =    1
 core charge =   .00000 and valence charge =  1.00000
 besrmax = 10.00    besemin = 30.00    besemax = 40.00    besde=  5.00
 keyps =    3   ifpcor =    0   rinner =    .70000   rpcor =    .00000
 nbeta =  2     rcloc =    .900
 rc for s, p, d, f =    .90000
 ib, lll, eee, iptype =   1   0   -.481   2
 ib, lll, eee, iptype =   2   0    .900   2
 npf =  8      ptryc =  10.00000
 lloc =  1     eloc =    .00000     iploctype=  1
 ifqopt =  3     nqf =  8     qtryc =  10.00000     nfix =  0

 value of mesh generated in rinit is   615
 rlogd =  1.80000 generated klogd =  390 with r(klogd) =  1.80733

          logarimic radial mesh values:

     index            r                  rab

       1          .00000000           .00004201
       2          .00004237           .00004273
       3          .00008547           .00004346
       4          .00012930           .00004420
       5          .00017388           .00004496
       6          .00021922           .00004573
       7          .00026534           .00004651
       8          .00031225           .00004731
       9          .00035995           .00004811
      10          .00040848           .00004894
       .          .                   .
       .          .                   .
       .          .                   .
     605        69.21740339          1.17321834
     606        70.40062067          1.19327287
     607        71.60406340          1.21367021
     608        72.82807731          1.23441620
     609        74.07301402          1.25551683
     610        75.33923119          1.27697813
     611        76.62709257          1.29880629
     612        77.93696815          1.32100757
     613        79.26923422          1.34358836
     614        80.62427352          1.36655512
     615        82.00247533          1.38991448
 subroutine setnuc - nuclear core radius =     .15735E-02
 irel = 0 so all electron calculations use schroedinger equations

 subroutine rsae: construct charge density
 leaving rsae


                         the system has converged with
                                 delta=  .1299266D-09


                             the eigenvalues are


          orbital          occupation          energy
           100                   1.00               -.48106
 etot=      -.92056 ryd ;        -12.52426 ev            ebsr,ehar,emvxc=      -.48106       .58039       .14088

 subroutine prwf: writing wavefunctions to unit iplot

 subroutine lderiv: pass   1

 leaving lderiv

 -----------------------------------------------
 begin subroutine scpgef
 -----------------------------------------------

   rcmax, rbeta, rlogd =     .90000   1.96739   1.80000
          kkbeta,klogd =                  395       390
   lloc = 1 so new pseudization scheme for vloc with eloc =     .000

   subroutine psv: pseudize the local potential

   generating vloc with lloc  1 eloc =   .00000
   calling phase
   calling pswf1

   subroutine pswf1
   leaving pswf1
   calling phase

   results for the local potential vloc
        r         vloc         dum2         dum3
       .0040   -.01984469    .00000942    .00000942
       .0204   -.10004326    .00023971    .00023971
       .0368   -.18060704    .00078304    .00078304
       .0526   -.25785717    .00160170    .00160170
       .0686   -.33506065    .00271725    .00271725
       .0846   -.41187218    .00413074    .00413074
       .1007   -.48802576    .00584215    .00584215
       .1177   -.56731332    .00796716    .00796716
       .1329   -.63670952    .01012981    .01012981
       .1499   -.71331907    .01286632    .01286632
       .1662   -.78493901    .01577961    .01577962
       .1811   -.84886805    .01869307    .01869307
       .1974   -.91659834    .02213015    .02213015
       .2151   -.98796065    .02618073    .02618073
       .2303  -1.04746066    .02993214    .02993214
       .2466  -1.10884398    .03420255    .03420255
       .2641  -1.17177487    .03905906    .03905906
       .2780  -1.21972546    .04313063    .04313063
       .2977  -1.28421652    .04919692    .04919692
       .3134  -1.33262865    .05427325    .05427325
       .3298  -1.38069575    .05984576    .05984576
       .3472  -1.42801190    .06595780    .06595780
       .3592  -1.45891061    .07035492    .07035492
       .3781  -1.50390439    .07747021    .07747021
       .3912  -1.53274797    .08258218    .08258219
       .4117  -1.57381557    .09084236    .09084236
       .4260  -1.59943098    .09676806    .09676807
       .4408  -1.62338129    .10304894    .10304895
       .4561  -1.64543527    .10970281    .10970281
       .4719  -1.66535197    .11674804    .11674804
       .4882  -1.68288287    .12420358    .12420358
       .5052  -1.69777498    .13208896    .13208896
       .5227  -1.70977480    .14042429    .14042430
       .5408  -1.71863347    .14923031    .14923032
       .5595  -1.72411333    .15852838    .15852839
       .5691  -1.72551702    .16336881    .16336881
       .5888  -1.72552853    .17344656    .17344656
       .6092  -1.72167578    .18407292    .18407293
       .6197  -1.71826084    .18959933    .18959933
       .6411  -1.70840980    .20109404    .20109405
       .6521  -1.70197105    .20706874    .20706875
       .6747  -1.68610674    .21948933    .21948934
       .6863  -1.67671919    .22594204    .22594205
       .6980  -1.66640129    .23256105    .23256107
       .7222  -1.64315628    .24631257    .24631259
       .7346  -1.63035048    .25345261    .25345262
       .7472  -1.61685993    .26077402    .26077403
       .7730  -1.58823453    .27597708    .27597709
       .7863  -1.57335209    .28386705    .28386707
       .7998  -1.55829404    .29195504    .29195505
       .8135  -1.54324416    .30024542    .30024543
       .8274  -1.52841396    .30874268    .30874270
       .8416  -1.51404575    .31745136    .31745137
       .8707  -1.48783868    .33552132    .33552133
       .8856  -1.47666995    .34489178    .34489180
   leaving psv

  chart: pseudized local potential
       .0246                                                                                                  1      !
       .0744                                                                                    1                    !
       .1242                                                                      1                                  !
       .1741                                                          1                                              !
       .2239                                              1                                                          !
       .2738                                   1                                                                     !
       .3236                          1                                                                              !
       .3734                   1                                                                                     !
       .4233             1                                                                                           !
       .4731        1                                                                                                !
       .5229      1                                                                                                  !
       .5728     1                                                                                                   !
       .6226     1                                                                                                   !
       .6725       1                                                                                                 !
       .7223          1                                                                                              !
       .7721             1                                                                                           !
       .8220                1                                                                                        !
       .8718                   1                                                                                     !
       .9216                    1                                                                                    !
       .9715                      1                                                                                  !
      1.0213                       1                                                                                 !
      1.0712                         1                                                                               !
      1.1210                           1                                                                             !
      1.1708                            1                                                                            !
      1.2207                             1                                                                           !
      1.2705                              1                                                                          !
      1.3203                               1                                                                         !
      1.3702                                1                                                                        !
      1.4200                                 1                                                                       !
      1.4699                                   1                                                                     !
      1.5197                                    1                                                                    !
      1.5695                                     1                                                                   !
      1.6194                                      1                                                                  !
      1.6692                                       1                                                                 !
      1.7190                                        1                                                                !
      1.7689                                         1                                                               !
      1.8187                                          1                                                              !
      1.8686                                           1                                                             !
      1.9184                                            1                                                            !
      1.9682                                             1                                                           !
      2.0181                                              1                                                          !
      2.0679                                               1                                                         !
      2.1178                                                11                                                       !
 
      2.2174                                                  1                                                      !
      2.2673                                                   11                                                    !
 
      2.3669                                                     1                                                   !
      2.4168                                                      1                                                  !
      2.4666                                                       1                                                 !
      2.5165                                                       11                                                !
      2.5663                                                         1                                               !
 
      2.6660                                                          1                                              !
      2.7158                                                           1                                             !
                 i         i         i         i         i         i         i         i         i         i         i
            -1.726              -1.380              -1.035              -.6902              -.3451               .0000E+00
                      -1.553              -1.208              -.8628              -.5177              -.1726    
 

   -------------------------------------------
   constructing ibeta = 1
   -------------------------------------------

   ibeta,lcur,ecur,ipsu    1    0  -.4811    2
   calling phase
   calling pswf2 - polynomial optimization

   subroutine pswf2
   leaving pswf2

   results for ibeta = 1
    psi - unpseudised wavefunction
    phi - pseudised wavefunction
    chi - projector function

       r         psi          phi          chi
      .0032    .01136233    .00752064   -.03058913
      .0158    .05541936    .03710623   -.14946955
      .0285    .09845024    .06671455   -.26267868
      .0417    .14226676    .09758977   -.36976336
      .0545    .18348045    .12730088   -.45781118
      .0674    .22378238    .15698394   -.52708825
      .0803    .26313658    .18657151   -.57408825
      .0923    .29882663    .21392242   -.59544236
      .1043    .33337742    .24087479   -.59397200
      .1177    .37122215    .27094137   -.56465383
      .1306    .40640430    .29941585   -.50954585
      .1423    .43771995    .32519890   -.43713797
      .1552    .47088649    .35297389   -.33656774
      .1691    .50592028    .38286216   -.20496547
      .1811    .53529019    .40837960   -.07664523
      .1940    .56584085    .43539950    .07110409
      .2078    .59754851    .46399444    .23518591
      .2188    .62206705    .48652044    .36556458
      .2343    .65570279    .51805977    .54201481
      .2466    .68160341    .54288870    .66946206
      .2596    .70804545    .56876402    .78509763
      .2687    .72595525    .58661271    .85150280
      .2828    .75320983    .61430694    .92795746
      .2977    .78088734    .64312957    .96719783
      .3080    .79954608    .66298000    .96721385
      .3242    .82779788    .69371050    .92000005
      .3355    .84677801    .71482699    .85287596
      .3472    .86584833    .73643356    .75466427
      .3592    .88498448    .75851014    .62418449
      .3717    .90416035    .78102742    .46155560
      .3846    .92334813    .80394534    .26859555
      .3979    .94251821    .82721162    .04924053
      .4117    .96163921    .85076061   -.19004845
      .4260    .98067791    .87451273   -.43994149
      .4333    .99015552    .88643629   -.56510835
      .4484   1.00900454    .91031402   -.80667245
      .4639   1.02768027    .93413898  -1.02216868
      .4719   1.03694086    .94599478  -1.11419393
      .4882   1.05528192    .96951761  -1.25408342
      .4966   1.06435183    .98115497  -1.29682223
      .5138   1.08226319   1.00411205  -1.31583376
      .5227   1.09109343   1.01540720  -1.28797702
      .5408   1.10847429   1.03758170  -1.15031663
      .5501   1.11701308   1.04844795  -1.03943071
      .5595   1.12544275   1.05916259   -.90113819
      .5789   1.14195006   1.08014250   -.55041518
      .5888   1.15001515   1.09041875   -.34513938
      .5989   1.15794602   1.10056536   -.12702958
      .6197   1.17337912   1.12052586    .31723117
      .6303   1.18086818   1.13037330    .52432000
      .6411   1.18819668   1.14015629    .70633645
      .6521   1.19535787   1.14989222    .85062144
      .6633   1.20234497   1.15959583    .94393671
      .6747   1.20915111   1.16927712    .97312525
      .6863   1.21576940   1.17893887    .92600024
      .7100   1.22841471   1.19816341    .56602169
      .7222   1.23442777   1.20767255    .24521151
      .7346   1.24022512   1.21705054   -.16432595
      .7472   1.24579973   1.22622875   -.64802465
      .7600   1.25114461   1.23512134  -1.18054993
      .7730   1.25625274   1.24362791  -1.72441607
      .7863   1.26111713   1.25163866  -2.22955037
      .7998   1.26573081   1.25904271  -2.63456737
      .7998   1.26573081   1.25904271  -2.63456737
      .8135   1.27008686   1.26573996  -2.87087256
      .8274   1.27417836   1.27165589  -2.87120381
      .8416   1.27799849   1.27675823  -2.58488694
      .8560   1.28154044   1.28107231  -2.00298146
      .8707   1.28479750   1.28468911  -1.19774817
      .8856   1.28776303   1.28775566   -.38213119

   -------------------------------------------
   constructing ibeta = 2
   -------------------------------------------

   ibeta,lcur,ecur,ipsu    2    0   .9000    2
   calling phase
   calling pswf2 - polynomial optimization

   subroutine pswf2
   leaving pswf2

   results for ibeta = 2
    psi - unpseudised wavefunction
    phi - pseudised wavefunction
    chi - projector function

       r         psi          phi          chi
      .0032   -.01019300   -.00663219    .03104453
      .0158   -.04971324   -.03272008    .15172275
      .0285   -.08830200   -.05881759    .26675590
      .0417   -.12757410   -.08601168    .37578971
      .0545   -.16448358   -.11215239    .46577701
      .0674   -.20053806   -.13823238    .53707040
      .0803   -.23569699   -.16418425    .58617168
      .0923   -.26753154   -.18812778    .60955815
      .1043   -.29829407   -.21167211    .61018003
      .1177   -.33191415   -.23787028    .58330253
      .1306   -.36308550   -.26260895    .53060709
      .1423   -.39075222   -.28494259    .46046246
      .1552   -.41996063   -.30892461    .36240331
      .1691   -.45069319   -.33463503    .23356976
      .1811   -.47634831   -.35650105    .10764910
      .1940   -.50291479   -.37956435   -.03754609
      .2078   -.53034070   -.40386538   -.19893870
      .2188   -.55143307   -.42292771   -.32723073
      .2343   -.58018378   -.44949139   -.50084247
      .2466   -.60215922   -.47029503   -.62615172
      .2596   -.62442869   -.49186895   -.73967644
      .2687   -.63940765   -.50668453   -.80470754
      .2828   -.66202252   -.52956075   -.87918072
      .2977   -.68474171   -.55321667   -.91657295
      .3080   -.69990154   -.56941264   -.91545186
      .3242   -.72258746   -.59431941   -.86670388
      .3355   -.73762754   -.61130804   -.79868555
      .3472   -.75255864   -.62857531   -.69969071
      .3592   -.76734173   -.64608703   -.56854247
      .3717   -.78193480   -.66379862   -.40535957
      .3846   -.79629278   -.68165354   -.21195545
      .3979   -.81036740   -.69958167    .00774247
      .4117   -.82410702   -.71749816    .24728569
      .4260   -.83745658   -.73530261    .49735916
      .4333   -.84396690   -.74412721    .62259326
      .4484   -.85662021   -.76154195    .86425360
      .4639   -.86872983   -.77852931   1.07979976
      .4719   -.87455962   -.78681747   1.17183134
      .4882   -.88572474   -.80288943   1.31168309
      .4966   -.89104156   -.81063601   1.35436762
      .5138   -.90109551   -.82546093   1.37315811
      .5227   -.90581258   -.83250632   1.34511020
      .5408   -.91457486   -.84579181   1.20682261
      .5501   -.91859845   -.85200953   1.09545743
      .5595   -.92236883   -.85793317    .95654080
      .5789   -.92910384   -.86888337    .60401308
      .5888   -.93204475   -.87391036    .39748942
      .5989   -.93468504   -.87864414    .17785405
      .6197   -.93901344   -.88726536   -.27043176
      .6303   -.94067578   -.89117448   -.48008356
      .6411   -.94198596   -.89483183   -.66506288
      .6521   -.94293046   -.89824844   -.81272385
      .6633   -.94349554   -.90143251   -.90982813
      .6747   -.94366722   -.90438729   -.94320148
      .6863   -.94343129   -.90710865   -.90061876
      .7100   -.94167870   -.91178211   -.55051567
      .7222   -.94013256   -.91366566   -.23482476
      .7346   -.93811988   -.91517442    .16966671
      .7472   -.93562545   -.91623168    .64857554
      .7600   -.93263389   -.91674334   1.17677360
      .7730   -.92912968   -.91660039   1.71699502
      .7863   -.92509714   -.91568414   2.21938379
      .7998   -.92052050   -.91387453   2.62274429
      .7998   -.92052050   -.91387453   2.62274429
      .8135   -.91538385   -.91106192   2.85861328
      .8274   -.90967124   -.90716195   2.85976149
      .8416   -.90336662   -.90213226   2.57540275
      .8560   -.89645392   -.89598782   1.99629079
      .8707   -.88891707   -.88880911   1.19414355
      .8856   -.88073999   -.88073264    .38110189

   -------------------------------------------
   construct beta functions and matrices
   -------------------------------------------

    matrix b(i,j)

       -.36617        .26597
        .38815       -.28428

    matrix q(i,j)

        .09804       -.08846
       -.08846        .07941

    matrix d(i,j)

       -.41333        .30853
        .30854       -.21281

    matrix d(i,j)

       -.41333        .30853
        .30853       -.21281

    matrix i(i,j)

    -331.44822    -310.09971
    -452.55130    -426.92018

   -------------------------------------------
   pseudize q-functions
   -------------------------------------------
 
   ====================================================================================================
    ib = 1 , lll(ib) = 0 , jb =  1 , lll(jb) = 0 , lmin = 0 , lmax = 0
   ====================================================================================================
    ib = 1 , lll(ib) = 0 , jb =  2 , lll(jb) = 0 , lmin = 0 , lmax = 0
   ====================================================================================================
    ib = 2 , lll(ib) = 0 , jb =  1 , lll(jb) = 0 , lmin = 0 , lmax = 0
   ====================================================================================================
    ib = 2 , lll(ib) = 0 , jb =  2 , lll(jb) = 0 , lmin = 0 , lmax = 0

   -------------------------------------------
   transform so betas are orthogonal
   -------------------------------------------
 
  after transformation :

    matrix q(i,j)

        .58628        .38485
        .38485        .12838

    matrix d(i,j)

       2.94082       6.78961
       6.78961      11.10982

 -----------------------------------------------
 end subroutine scpgef
 -----------------------------------------------

   chart: qfunction Q_{ib,ib}(r)
       .0181                                 !                                                                        
       .0542                                 ! 21                                                                     
       .0903                                 !     2  1                                                               
       .1264                                 !           2    1                                                       
       .1625                                 !                  2       1                                             
       .1986                                 !                        2           1                                   
       .2347                                 !                              2                1                        
       .2708                                 !                                  2                     1               
       .3069                                 !                                     2                          1       
       .3430                                 !                                    2                                1  
       .3791                                 !                                  2                                    1
       .4152                                 !                            2                                          1
       .4513                                 !                       2                                            1   
       .4874                                 !               2                                               1        
       .5235                                 !      2                                                1                
       .5596                              2  !                                             1                          
       .5957                   2             !                                 1                                      
       .6318           2                     !                         1                                              
       .6679      2                          !                 1                                                      
       .7040     2                           !         1                                                              
       .7401        2                        !      1                                                                 
       .7762               2                 ! 1                                                                      
       .8123                         2       !                                                                        
       .8484                                2!                                                                        
       .8845                                 !                                                                        
       .9206                                 !                                                                        
       .9567                                 !                                                                        
       .9928                                 !                                                                        
      1.0289                                 !                                                                        
      1.0650                                 !                                                                        
      1.1011                                 !                                                                        
      1.1372                                 !                                                                        
      1.1733                                 !                                                                        
      1.2093                                 !                                                                        
      1.2454                                 !                                                                        
      1.2815                                 !                                                                        
      1.3176                                 !                                                                        
      1.3537                                 !                                                                        
      1.3898                                 !                                                                        
      1.4259                                 !                                                                        
      1.4620                                 !                                                                        
      1.4981                                 !                                                                        
      1.5342                                 !                                                                        
      1.5703                                 !                                                                        
      1.6064                                 !                                                                        
      1.6425                                 !                                                                        
      1.6786                                 !                                                                        
      1.7147                                 !                                                                        
      1.7508                                 !                                                                        
      1.7869                                 !                                                                        
      1.8230                                 !                                                                        
      1.8591                                 !                                                                        
      1.8952                                 !                                                                        
      1.9313                                 !                                                                        
      1.9674                                 !                                                                        
                 i         i         i         i         i         i         i         i         i         i         i
            -.5521              -.1541               .2438               .6418               1.040               1.438    
                      -.3531               .4484E-01           .4428               .8407               1.239    
 

   q * fourier transform of pseudized qfunctions

       q         1 1       2 2
     .00000    .00000    .00000
     .40000    .23339    .05162
     .80000    .46008    .10477
    1.20000    .67367    .16078
    1.60000    .86828    .22057
    2.00000   1.03882    .28448
    2.40000   1.18119    .35223
    2.80000   1.29240    .42278
    3.20000   1.37067    .49445
    3.60000   1.41550    .56497
    4.00000   1.42757    .63160
    4.40000   1.40872    .69138
    4.80000   1.36180    .74134
    5.20000   1.29045    .77870
    5.60000   1.19898    .80116
    6.00000   1.09205    .80703
    6.40000    .97453    .79544
    6.80000    .85120    .76642
    7.20000    .72661    .72091
    7.60000    .60487    .66073
    8.00000    .48950    .58852
    8.40000    .38338    .50749
    8.80000    .28862    .42131
    9.20000    .20660    .33378
    9.60000    .13798    .24868
   10.00000    .08275    .16944
   10.40000    .04032    .09902
   10.80000    .00964    .03967
   11.20000   -.01071   -.00713
   11.60000   -.02235   -.04077
   12.00000   -.02704   -.06144
   12.40000   -.02651   -.07012
   12.80000   -.02240   -.06844
   13.20000   -.01620   -.05849
   13.60000   -.00913   -.04268
   14.00000   -.00219   -.02352
   14.40000    .00388   -.00343
   14.80000    .00864    .01543
   15.20000    .01183    .03128
   15.60000    .01343    .04283
   16.00000    .01356    .04935
   16.40000    .01245    .05061
   16.80000    .01039    .04693
   17.20000    .00771    .03901
   17.60000    .00472    .02790
   18.00000    .00169    .01484
   18.40000   -.00115    .00113
   18.80000   -.00364   -.01198
   19.20000   -.00568   -.02341
   19.60000   -.00723   -.03229
   20.00000   -.00831   -.03809

   chart: qfunction q*Q_{ib,ib}(q)
       .0000          !                                                                                               
       .4000          !  2           1                                                                                
       .8000          !      2                      1                                                                 
      1.2000          !         2                                  1                                                  
      1.6000          !             2                                           1                                     
      2.0000          !                  2                                                 1                          
      2.4000          !                      2                                                       1                
      2.8000          !                           2                                                         1         
      3.2000          !                                2                                                         1    
      3.6000          !                                    2                                                        1 
      4.0000          !                                         2                                                    1
      4.4000          !                                             2                                               1 
      4.8000          !                                                2                                         1    
      5.2000          !                                                   2                                 1         
      5.6000          !                                                    2                          1               
      6.0000          !                                                     2                  1                      
      6.4000          !                                                    2           1                              
      6.8000          !                                                  2     1                                      
      7.2000          !                                               1                                               
      7.6000          !                                       1   2                                                   
      8.0000          !                               1      2                                                        
      8.4000          !                        1        2                                                             
      8.8000          !                  1        2                                                                   
      9.2000          !            1        2                                                                         
      9.6000          !        1      2                                                                               
     10.0000          !    1     2                                                                                    
     10.4000          ! 1   2                                                                                         
     10.8000          ! 2                                                                                             
     11.2000         1!                                                                                               
     11.6000       21 !                                                                                               
     12.0000      2 1 !                                                                                               
     12.4000     2  1 !                                                                                               
     12.8000     2  1 !                                                                                               
     13.2000      2  1!                                                                                               
     13.6000       2 1!                                                                                               
     14.0000        2 !                                                                                               
     14.4000         2!                                                                                               
     14.8000          !2                                                                                              
     15.2000          ! 2                                                                                             
     15.6000          !1 2                                                                                            
     16.0000          !1 2                                                                                            
     16.4000          !1 2                                                                                            
     16.8000          !  2                                                                                            
     17.2000          ! 2                                                                                             
     17.6000          ! 2                                                                                             
     18.0000          !2                                                                                              
     18.4000          !                                                                                               
     18.8000         1!                                                                                               
     19.2000        21!                                                                                               
     19.6000        21!                                                                                               
     20.0000       2 1!                                                                                               
                 i         i         i         i         i         i         i         i         i         i         i
            -.7012E-01           .2294               .5290               .8285               1.128               1.428    
                       .7965E-01           .3792               .6787               .9783               1.278    
 

 subroutine scheqg: solve schroedinger equation
    nnlz,nctp,ninf =  100  351  542
      ecur,decur    -.48105856  -.3493E-06
      ecur,decur    -.48105890  -.7232E-11
 leaving scheqg

 subroutine rsae: construct charge density
   intermed rsvale for lp= 1   .97123121
     alpha=   .34341038  -.16614464
     integrated rsvale after lp 1  1.00000000
   balancing valence density, asum =  1.00000000 wwsum =  1.00000000
 leaving rsae

 subroutine descrn: descreen the psp

    i             r         vloc0          vloc         ruhar        ruexch        rsvale         alpha
   20     .00094176    -.00551124    -.00463223     .00176579    -.00088678   .225837D-05     .00000089
   40     .00232200    -.01358236    -.01142117     .00435372    -.00219253   .137289D-04     .00000537
   60     .00425919    -.02488201    -.02094924     .00798590    -.00405312   .461900D-04     .00001799
   80     .00697809    -.04064266    -.03432082     .01308358    -.00676174   .123971D-03     .00004803
  100     .01079411    -.06246151    -.05308412     .02023781    -.01086043   .296566D-03     .00011408
  120     .01614997    -.09225894    -.07940672     .03027751    -.01742528   .663557D-03     .00025273
  140     .02366702    -.13214196    -.11631559     .04436426    -.02853789   .142358D-02     .00053502
  160     .03421735    -.18478940    -.16801592     .06412334    -.04734986   .296954D-02     .00109677
  180     .04902494    -.25683589    -.24028869     .09182168    -.07527448   .607049D-02     .00219205
  200     .06980769    -.36498539    -.34091061     .13060165    -.10652687   .122067D-01     .00427497
  220     .09897669    -.52333846    -.47986679     .18476573    -.14129406   .241421D-01     .00809259
  240     .13991594    -.72910911    -.66863906     .26006153    -.19959149   .467444D-01     .01477475
  260     .19737499   -1.00136000    -.91659834     .36379399    -.27903233   .876524D-01     .02568388
  280     .27801988   -1.34934735   -1.21972546     .50432088    -.37469899   .156389D+00     .04122383
  300     .39120656   -1.72339499   -1.53274797     .68903483    -.49838782   .259314D+00     .05785954
  320     .55006628   -2.01152257   -1.72180995     .91967576    -.62996314   .374537D+00     .06627114
  340     .77302901   -2.04718653   -1.58823453    1.18653997    -.72758798   .463081D+00     .05443921
  360    1.08596156   -2.00000325   -1.37164010    1.46321632    -.83485317   .494633D+00     .05257410
  380    1.52516851   -2.00000245   -1.18627413    1.70679025    -.89306194   .420689D+00     .05257251
  400    2.14160405   -2.00000192    -.97017539    1.87706113    -.84723460   .262867D+00     .05257010
  420    3.00678340   -2.00000122    -.72131447    1.96415087    -.68546412   .109278D+00     .05256655
  440    4.22107952   -1.99999944    -.73099538    1.99380571    -.72480165   .276277D-01     .05256546
  460    5.92536789   -2.00000217    -.36942804    1.99952240    -.36894828   .326155D-02     .05255353
  480    8.31736993   -2.00000009    -.01087961    1.99998695    -.01086646   .121259D-03     .05254198
  500   11.67459159   -2.00000000    -.00007436    1.99999991    -.00007427   .115193D-05     .05254141
  520   16.38651783   -2.00000000    -.00000007    2.00000000    -.00000007   .167013D-08     .05254140
  540   22.99979846   -2.00000000     .00000000    2.00000000     .00000000   .958183D-13     .05254140
  560   32.28166716   -2.00000000     .00000000    2.00000000     .00000000   .000000D+00     .05254139
  580   45.30895141   -2.00000000     .00000000    2.00000000     .00000000   .000000D+00     .05254139
  600   63.59299961   -2.00000000     .00000000    2.00000000     .00000000   .000000D+00     .05254139

    matrix 0(i,j)

       5.18084       8.35544
       8.35544      11.83333

 value of screened s potential at origin =    -4.9187221

 total energy =   -.9203439
 leaving descrn

 pseudopotential has been written out

    ============================================================
    |  pseudopotential report: version  7.3.3 date  0- 0-   0  |
    ------------------------------------------------------------
    |  hydrogen             Perdew Wang 1991    exchange-corr  |
    |  z =   1.    zv =   1.    exfact =   4.00000             |
    |                            etot  =   -.92034             |
    |  index    orbital      occupation    energy              |
    |    1        100           1.00        -.48               |
    |  keyps = 3     ifpcor = 0     rpcor =    .00000          |
    |  rinner =       .70     for L=    1                      |
    |    new generation scheme:                                |
    |    nbeta =  2     kkbeta =  395     rcloc =     .9000    |
    |    ibeta      l    epsilon   rcut iptype                 |
    |       1      0       -.48    .90      2                  |
    |       2      0        .90    .90      2                  |
    |  npf    = 8  ptryc =  10.000                             |
    |  lloc   = 1  eloc   =    .000                            |
    |  ifqopt = 3  nqf    = 8  qtryc =  10.000                 |
    |  all electron calculation used schroedinger equation     |
    |         ************logarithmic mesh************         |
    ============================================================

 subroutine prwf: writing wavefunctions to unit iplot

   all electron and pseudo energies

                       100

                    full     pseudo  
    energy     -.4810586  -.4810589

   valence all-electron and pseudo wavefunctions

                    s           s
        r          full       pseudo
      .06981      .12524      .08804
      .21139      .32808      .25536
      .35314      .47420      .40487
      .48825      .57164      .52518
      .63030      .63967      .61232
      .77303      .68050      .67366
      .91627      .70029      .70029
     1.04968      .70420      .70420
     1.20247      .69579      .69579
     1.33146      .68074      .68073
     1.47425      .65793      .65793
     1.60485      .63304      .63304
     1.74701      .60302      .60302
     1.90173      .56825      .56825
     2.03531      .53739      .53739
     2.17825      .50422      .50422
     2.33123      .46920      .46920
     2.45296      .44202      .44202
     2.58104      .41432      .41432
     2.71580      .38634      .38634
     2.85760      .35835      .35835
     3.00678      .33057      .33057
     3.16375      .30326      .30326
     3.27292      .28542      .28542
     3.44378      .25936      .25936
     3.56260      .24253      .24253
     3.74856      .21820      .21820
     3.87790      .20264      .20264
     4.01169      .18764      .18764
     4.15010      .17321      .17321
     4.29328      .15936      .15936
     4.44139      .14609      .14609
     4.59461      .13339      .13339
     4.67319      .12726      .12726
     4.83441      .11541      .11541
     5.00118      .10414      .10414
     5.08671      .09872      .09872
     5.26218      .08833      .08833
     5.44371      .07857      .07857
     5.53680      .07394      .07393
     5.72779      .06518      .06517
     5.82574      .06105      .06105
     5.92537      .05711      .05711
     6.12976      .04975      .04975
     6.23458      .04633      .04633
     6.34119      .04308      .04308
     6.55992      .03709      .03709
     6.67209      .03434      .03434
     6.78619      .03175      .03175
     6.90223      .02931      .02931
     7.14030      .02487      .02487
     7.26239      .02286      .02286
     7.38658      .02098      .02098
     7.51288      .01923      .01923
     7.64135      .01759      .01759

   chart: valence all-electron and pseudo wavefunctions
       .0698                                   !   7 1                                                                
       .2100                                   !            7  1                                                      
       .3502                                   !                   7   1                                              
       .4904                                   !                         7  1                                         
       .6307                                   !                              71                                      
       .7709                                   !                                 1                                    
       .9111                                   !                                  1                                   
      1.0513                                   !                                  1                                   
      1.1915                                   !                                  1                                   
      1.3317                                   !                                 1                                    
      1.4719                                   !                                1                                     
      1.6122                                   !                               1                                      
      1.7524                                   !                             1                                        
      1.8926                                   !                           1                                          
      2.0328                                   !                          1                                           
      2.1730                                   !                        1                                             
      2.3132                                   !                      1                                               
      2.4534                                   !                     1                                                
      2.5937                                   !                    1                                                 
      2.7339                                   !                  1                                                   
      2.8741                                   !                 1                                                    
      3.0143                                   !                1                                                     
      3.1545                                   !              1                                                       
      3.2947                                   !             1                                                        
      3.4349                                   !            1                                                         
      3.5752                                   !           1                                                          
      3.7154                                   !          1                                                           
      3.8556                                   !         1                                                            
      3.9958                                   !        1                                                             
      4.1360                                   !        1                                                             
      4.2762                                   !       1                                                              
      4.4164                                   !      1                                                               
      4.5566                                   !      1                                                               
      4.6969                                   !     1                                                                
      4.8371                                   !     1                                                                
      4.9773                                   !    1                                                                 
      5.1175                                   !    1                                                                 
      5.2577                                   !   1                                                                  
      5.3979                                   !   1                                                                  
      5.5381                                   !   1                                                                  
      5.6784                                   !  1                                                                   
      5.8186                                   !  1                                                                   
      5.9588                                   !  1                                                                   
      6.0990                                   ! 1                                                                    
      6.2392                                   ! 1                                                                    
      6.3794                                   ! 1                                                                    
      6.5196                                   ! 1                                                                    
      6.6599                                   ! 1                                                                    
      6.8001                                   ! 1                                                                    
      6.9403                                   !1                                                                     
      7.0805                                   !1                                                                     
      7.2207                                   !1                                                                     
      7.3609                                   !1                                                                     
      7.5011                                   !1                                                                     
      7.6413                                   !1                                                                     
                 i         i         i         i         i         i         i         i         i         i         i
            -.6000              -.2000               .2000               .6000              1.0000               1.400    
                      -.4000              -.2384E-07           .4000               .8000               1.200    
 

 subroutine fanal: fourier transform pseudo wavefunctions

   q * fourier transform of wfns

   wavevector             100
       .00000          .00000
       .20000          .86690
       .40000         1.29617
       .60000         1.30763
       .80000         1.12721
      1.00000          .91272
      1.20000          .72424
      1.40000          .57156
      1.60000          .44953
      1.80000          .35240
      2.00000          .27616
      2.20000          .21739
      2.40000          .17248
      2.60000          .13783
      2.80000          .11052
      3.00000          .08856
      3.20000          .07073
      3.40000          .05626
      3.60000          .04456
      3.80000          .03507
      4.00000          .02734
      4.20000          .02101
      4.40000          .01584
      4.60000          .01165
      4.80000          .00829
      5.00000          .00562
      5.20000          .00353
      5.40000          .00191
      5.60000          .00069
      5.80000         -.00020
      6.00000         -.00081
      6.20000         -.00120
      6.40000         -.00141
      6.60000         -.00148
      6.80000         -.00144
      7.00000         -.00133
      7.20000         -.00115
      7.40000         -.00094
      7.60000         -.00071
      7.80000         -.00047
      8.00000         -.00025
      8.20000         -.00004
      8.40000          .00015
      8.60000          .00031
      8.80000          .00043
      9.00000          .00052
      9.20000          .00058
      9.40000          .00062
      9.60000          .00060
      9.80000          .00058
     10.00000          .00053
     10.20000          .00045
     10.40000          .00039
     10.60000          .00025
     10.80000          .00020
     11.00000          .00005
     11.20000          .00000
     11.40000         -.00015
     11.60000         -.00018
     11.80000         -.00031
     12.00000         -.00029
     12.20000         -.00042
     12.40000         -.00031
     12.60000         -.00049
     12.80000         -.00024
     13.00000         -.00049
     13.20000         -.00010
     13.40000         -.00038
     13.60000          .00000
     13.80000         -.00007
     14.00000         -.00004
     14.20000          .00043
     14.40000         -.00008
     14.60000          .00077
     14.80000          .00029
     15.00000          .00053

  chart: q * fourier transform of wfns
       .0000     !                                                                                                    
       .2000     !                                                                 1                                  
       .4000     !                                                                                                  1 
       .6000     !                                                                                                   1
       .8000     !                                                                                     1              
      1.0000     !                                                                     1                              
      1.2000     !                                                      1                                             
      1.4000     !                                           1                                                        
      1.6000     !                                 1                                                                  
      1.8000     !                          1                                                                         
      2.0000     !                    1                                                                               
      2.2000     !                1                                                                                   
      2.4000     !            1                                                                                       
      2.6000     !          1                                                                                         
      2.8000     !        1                                                                                           
      3.0000     !      1                                                                                             
      3.2000     !     1                                                                                              
      3.4000     !   1                                                                                                
      3.6000     !   1                                                                                                
      3.8000     !  1                                                                                                 
      4.0000     ! 1                                                                                                  
      4.2000     ! 1                                                                                                  
      4.4000     !1                                                                                                   
      4.6000     !1                                                                                                   
      4.8000     !1                                                                                                   
      5.0000     !1                                                                                                   
      5.2000     !                                                                                                    
      5.4000     !                                                                                                    
      5.6000     !                                                                                                    
      5.8000     !                                                                                                    
      6.0000     !                                                                                                    
      6.2000     !                                                                                                    
      6.4000     !                                                                                                    
      6.6000     !                                                                                                    
      6.8000     !                                                                                                    
      7.0000     !                                                                                                    
      7.2000     !                                                                                                    
      7.4000     !                                                                                                    
      7.6000     !                                                                                                    
      7.8000     !                                                                                                    
      8.0000     !                                                                                                    
      8.2000     !                                                                                                    
      8.4000     !                                                                                                    
      8.6000     !                                                                                                    
      8.8000     !                                                                                                    
      9.0000     !                                                                                                    
      9.2000     !                                                                                                    
      9.4000     !                                                                                                    
      9.6000     !                                                                                                    
      9.8000     !                                                                                                    
     10.0000     !                                                                                                    
     10.2000     !                                                                                                    
     10.4000     !                                                                                                    
     10.6000     !                                                                                                    
     10.8000     !                                                                                                    
     11.0000     !                                                                                                    
     11.2000     !                                                                                                    
     11.4000     !                                                                                                    
     11.6000     !                                                                                                    
     11.8000     !                                                                                                    
     12.0000     !                                                                                                    
     12.2000     !                                                                                                    
     12.4000     !                                                                                                    
     12.6000     !                                                                                                    
     12.8000     !                                                                                                    
     13.0000     !                                                                                                    
     13.2000     !                                                                                                    
     13.4000     !                                                                                                    
     13.6000     !                                                                                                    
     13.8000     !                                                                                                    
     14.0000     !                                                                                                    
     14.2000     !                                                                                                    
     14.4000     !                                                                                                    
     14.6000     !                                                                                                    
     14.8000     !                                                                                                    
     15.0000     !                                                                                                    
                 i         i         i         i         i         i         i         i         i         i         i
            -.1483E-02           .2603               .5222               .7840               1.046               1.308    
                       .1294               .3913               .6531               .9149               1.177    
 

 leaving fanal

 calling lderiv: log derivatives of pseudopotential

 subroutine lderiv: pass   2

     logarithmic derivatives

      e          l=0             l=1             l=2             l=0             l=1             l=2
 
   -2.400      .12075E+01      .16162E+01      .20638E+01      .12075E+01      .16161E+01      .20638E+01
   -2.300      .11625E+01      .15871E+01      .20415E+01      .11625E+01      .15870E+01      .20414E+01
   -2.200      .11158E+01      .15576E+01      .20189E+01      .11158E+01      .15575E+01      .20188E+01
   -2.100      .10672E+01      .15277E+01      .19961E+01      .10672E+01      .15276E+01      .19961E+01
   -2.000      .10164E+01      .14973E+01      .19732E+01      .10164E+01      .14972E+01      .19731E+01
   -1.900      .96338E+00      .14664E+01      .19500E+01      .96338E+00      .14663E+01      .19499E+01
   -1.800      .90772E+00      .14350E+01      .19266E+01      .90772E+00      .14350E+01      .19266E+01
   -1.700      .84914E+00      .14032E+01      .19030E+01      .84914E+00      .14031E+01      .19030E+01
   -1.600      .78728E+00      .13708E+01      .18792E+01      .78728E+00      .13707E+01      .18791E+01
   -1.500      .72171E+00      .13378E+01      .18552E+01      .72171E+00      .13377E+01      .18551E+01
   -1.400      .65190E+00      .13043E+01      .18309E+01      .65191E+00      .13042E+01      .18308E+01
   -1.300      .57725E+00      .12701E+01      .18064E+01      .57725E+00      .12700E+01      .18063E+01
   -1.200      .49698E+00      .12353E+01      .17816E+01      .49698E+00      .12353E+01      .17816E+01
   -1.100      .41017E+00      .11999E+01      .17566E+01      .41017E+00      .11998E+01      .17566E+01
   -1.000      .31565E+00      .11637E+01      .17314E+01      .31565E+00      .11637E+01      .17313E+01
    -.900      .21197E+00      .11269E+01      .17059E+01      .21197E+00      .11268E+01      .17058E+01
    -.800      .97269E-01      .10893E+01      .16801E+01      .97269E-01      .10892E+01      .16800E+01
    -.700     -.30879E-01      .10509E+01      .16540E+01     -.30879E-01      .10508E+01      .16539E+01
    -.600     -.17567E+00      .10116E+01      .16277E+01     -.17567E+00      .10116E+01      .16276E+01
    -.500     -.34143E+00      .97148E+00      .16010E+01     -.34143E+00      .97144E+00      .16009E+01
    -.400     -.53415E+00      .93043E+00      .15741E+01     -.53416E+00      .93039E+00      .15740E+01
    -.300     -.76238E+00      .88839E+00      .15469E+01     -.76238E+00      .88836E+00      .15468E+01
    -.200     -.10387E+01      .84533E+00      .15193E+01     -.10388E+01      .84531E+00      .15192E+01
    -.100     -.13827E+01      .80118E+00      .14914E+01     -.13827E+01      .80117E+00      .14913E+01
     .000     -.18261E+01      .75587E+00      .14632E+01     -.18261E+01      .75587E+00      .14631E+01
     .100     -.24243E+01      .70934E+00      .14347E+01     -.24243E+01      .70936E+00      .14345E+01
     .200     -.32834E+01      .66152E+00      .14057E+01     -.32834E+01      .66155E+00      .14056E+01
     .300     -.46361E+01      .61232E+00      .13765E+01     -.46361E+01      .61237E+00      .13763E+01
     .400     -.71087E+01      .56166E+00      .13468E+01     -.71087E+01      .56172E+00      .13467E+01
     .500     -.13167E+02      .50943E+00      .13168E+01     -.13167E+02      .50952E+00      .13166E+01
     .600     -.52518E+02      .45554E+00      .12863E+01     -.52519E+02      .45565E+00      .12862E+01
     .700      .31402E+02      .39986E+00      .12555E+01      .31402E+02      .40000E+00      .12553E+01
     .800      .12812E+02      .34228E+00      .12242E+01      .12812E+02      .34245E+00      .12240E+01
     .900      .82907E+01      .28264E+00      .11925E+01      .82907E+01      .28284E+00      .11923E+01
    1.000      .62366E+01      .22079E+00      .11603E+01      .62366E+01      .22104E+00      .11601E+01
    1.100      .50534E+01      .15656E+00      .11277E+01      .50534E+01      .15686E+00      .11275E+01
    1.200      .42773E+01      .89765E-01      .10946E+01      .42773E+01      .90117E-01      .10943E+01
    1.300      .37242E+01      .20181E-01      .10609E+01      .37242E+01      .20597E-01      .10607E+01
    1.400      .33061E+01     -.52428E-01      .10268E+01      .33061E+01     -.51938E-01      .10266E+01
    1.500      .29761E+01     -.12833E+00      .99209E+00      .29761E+01     -.12775E+00      .99186E+00
    1.600      .27065E+01     -.20783E+00      .95685E+00      .27065E+01     -.20715E+00      .95661E+00

   chart: log derivatives
     -2.4000                                                       !              1    2     3                        
     -2.3000                                                       !              1    2     3                        
     -2.2000                                                       !             1    2     3                         
     -2.1000                                                       !            1     2     3                         
     -2.0000                                                       !            1     2     3                         
     -1.9000                                                       !           1     2     3                          
     -1.8000                                                       !          1      2     3                          
     -1.7000                                                       !          1      2     3                          
     -1.6000                                                       !         1      2     3                           
     -1.5000                                                       !        1       2     3                           
     -1.4000                                                       !       1       2      3                           
     -1.3000                                                       !      1        2      3                           
     -1.2000                                                       !     1        2      3                            
     -1.1000                                                       !    1         2      3                            
     -1.0000                                                       !   1          2      3                            
      -.9000                                                       !  1          2      3                             
      -.8000                                                       !1            2      3                             
      -.7000                                                       !            2       3                             
      -.6000                                                     1 !            2      3                              
      -.5000                                                   1   !           2       3                              
      -.4000                                                1      !           2       3                              
      -.3000                                             1         !          2       3                               
      -.2000                                          1            !          2       3                               
      -.1000                                      1                !         2        3                               
       .0000                                1                      !        2        3                                
       .1000                         1                             !        2        3                                
       .2000              1                                        !       2         3                                
       .3000                                                       !       2        3                                 
       .4000                                                       !      2         3                                 
       .5000                                                       !     2         3                                  
       .6000                                                       !     2         3                                  
       .7000                                                       !    2          3                                  
       .8000                                                       !   2          3                                   
       .9000                                                       !   2          3                                   
      1.0000                                                       !  2           3                                   
      1.1000                                                       ! 2           3                                    
      1.2000                                                       !2            3                                    
      1.3000                                                       !            3                                 1   
      1.4000                                                      2!            3                           1         
      1.5000                                                     2 !           3                        1             
      1.6000                                                    2  !           3                     1                
                 i         i         i         i         i         i         i         i         i         i         i
            -4.000              -2.400              -.8000               .8000               2.400               4.000    
                      -3.200              -1.600               .2220E-15           1.600               3.200    
 

 leaving lderiv

 eigenvalues of nonlocal potential 

   l= 0       -.789275  10.361379

 -------------------------------------------------
 eigensolution in bessel basis with cutoff 30.00
 -------------------------------------------------

   ecut=  30.0  rmax=  10.0   nbt= 1501
   nsw(l=0)=   18

   eigenvalues of local potential 
   l= 0       -.374117    .096749

   eigenvalues of US hamiltonian 
   l= 0       -.480231    .077229    .504108   1.136808

 -------------------------------------------------
 eigensolution in bessel basis with cutoff 35.00
 -------------------------------------------------

   ecut=  35.0  rmax=  10.0   nbt= 1501
   nsw(l=0)=   19

   eigenvalues of local potential 
   l= 0       -.374160    .096727

   eigenvalues of US hamiltonian 
   l= 0       -.480236    .077228    .504106   1.136805

 -------------------------------------------------
 eigensolution in bessel basis with cutoff 40.00
 -------------------------------------------------

   ecut=  40.0  rmax=  10.0   nbt= 1501
   nsw(l=0)=   21

   eigenvalues of local potential 
   l= 0       -.374192    .096708

   eigenvalues of US hamiltonian 
   l= 0       -.480274    .077221    .504094   1.136786
