========================================================================
pseudopotential program version  7.3.3   date:  0 -  0 -    0
========================================================================

 ifae =   1    ifpsp =   0    ifprt =   0    ifplw =   0    ilogd =   3
 rlogd=   1.80000     emin=  -2.40000     emax=   1.60000     nnt=   40
 thresh, tol =   1.000E-10   1.000E-09    damp =  .100    maxit = 400

          *************************************************************
           niobium             Perdew Wang 1991    exchange-correlation
          *************************************************************

 z =  41.    xion =  .00    exfact =   4.00000    irel=   2
 ncspvs =   11
 rmax = 200.00000    aasf =   6.00000    bbsf =  59.00000

 value of mesh generated in rinit is   887
 irel = 2 so all electron calculations use koelling-harmon equations


                         the system has converged with
                                 delta=  .9665424D-09


                             the eigenvalues are


          orbital          occupation          energy
           100                   2.00           -1382.55634
           200                   2.00            -193.39233
           210                   6.00            -172.70785
           300                   2.00             -32.26314
           310                   6.00             -25.50026
           320                  10.00             -14.43758
           400                   2.00              -4.29595
           410                   6.00              -2.54066
           420                   4.00               -.22674
           500                   1.00               -.29625
           510                    .00               -.08473
 etot=  -7640.45354 ryd ;    -103948.36692 ev            ebsr,ehar,emvxc=  -4575.08721   3137.48895     72.12262

 subroutine lderiv: pass   1

 leaving lderiv
