========================================================================
pseudopotential program version  7.3.6   date: 12 -  2 - 2006
========================================================================

 ifae =   1    ifpsp =   0    ifprt =   0    ifplw =   0    ilogd =   3
 rlogd=   1.80000     emin=  -2.40000     emax=   1.60000     nnt=   40
 thresh, tol =   1.000E-10   1.000E-09    damp = 0.500    maxit = 250

          *************************************************************
          Ti                        ceperley-alder exchange-correlation
          *************************************************************

 z = 22.00    xion = 0.00    exfact =   0.00000    irel=   2
 ncspvs =    7
 rmax = 200.00000    aasf =   6.00000    bbsf =  59.00000

 value of mesh generated in rinit is   851
 irel = 2 so all electron calculations use koelling-harmon equations


                         the system has converged with
                                 delta= 0.8150230D-09


                             the eigenvalues are


          orbital          occupation          energy
           100                   2.00            -356.90564
           200                   2.00             -39.35587
           210                   6.00             -32.63227
           300                   2.00              -4.57605
           310                   6.00              -2.85066
           400                   2.00              -0.33810
           320                   2.00              -0.32802
 etot=  -1703.41976 ryd ;     -23175.02588 ev            ebsr,ehar,emvxc=  -1015.90499    713.39206     25.87729

 subroutine lderiv: pass   1

 leaving lderiv
