========================================================================
pseudopotential program version  7.3.6   date: 12 -  2 - 2006
========================================================================

 ifae =   1    ifpsp =   0    ifprt =   0    ifplw =   0    ilogd =   3
 rlogd=   1.80000     emin=  -2.40000     emax=   1.60000     nnt=   40
 thresh, tol =   1.000E-10   1.000E-09    damp = 0.500    maxit = 250

          *************************************************************
          Ti                        ceperley-alder exchange-correlation
          *************************************************************

 z = 22.00    xion = 1.00    exfact =   0.00000    irel=   2
 ncspvs =    7
 rmax = 200.00000    aasf =   6.00000    bbsf =  59.00000

 value of mesh generated in rinit is   851
 irel = 2 so all electron calculations use koelling-harmon equations


                         the system has converged with
                                 delta= 0.9520935D-09


                             the eigenvalues are


          orbital          occupation          energy
           100                   2.00            -357.88581
           200                   2.00             -40.39584
           210                   6.00             -33.66668
           300                   2.00              -5.53032
           310                   6.00              -3.78675
           400                   2.00              -0.89044
           320                   1.00              -1.18524
 etot=  -1702.68624 ryd ;     -23165.04636 ev            ebsr,ehar,emvxc=  -1035.31068    692.99920     25.62364

 subroutine lderiv: pass   1

 leaving lderiv
