========================================================================
pseudopotential program version  7.3.3   date:  0 -  0 -    0
========================================================================

 ifae =   1    ifpsp =   0    ifprt =   0    ifplw =   0    ilogd =   3
 rlogd=   1.80000     emin=  -2.40000     emax=   1.60000     nnt=   40
 thresh, tol =   1.000E-10   1.000E-09    damp =  .400    maxit = 250

          *************************************************************
          lead                      ceperley-alder exchange-correlation
          *************************************************************

 z =  82.    xion =  .00    exfact =    .00000    irel=   2
 ncspvs =   15
 rmax = 150.00000    aasf =  13.00000    bbsf =  40.00000

 value of mesh generated in rinit is   899
 irel = 2 so all electron calculations use koelling-harmon equations


                         the system has converged with
                                 delta=  .8651102D-09


                             the eigenvalues are


          orbital          occupation          energy
           100                   2.00           -6472.92831
           200                   2.00           -1157.84347
           210                   6.00            -993.39759
           300                   2.00            -277.91606
           310                   6.00            -230.77920
           320                  10.00            -182.66364
           400                   2.00             -62.86469
           410                   6.00             -47.41577
           420                  10.00             -29.54268
           430                  14.00              -9.79445
           500                   2.00             -10.61472
           510                   6.00              -6.31769
           520                  10.00              -1.56458
           600                   2.00               -.90577
           610                   2.00               -.27270
 etot= -41741.21609 ryd ;    -567889.22586 ev            ebsr,ehar,emvxc= -25908.98405  16078.16137    245.92933

 subroutine lderiv: pass   1

 leaving lderiv
