========================================================================
pseudopotential program version  7.3.3   date:  0 -  0 -    0
========================================================================

 ifae =   1    ifpsp =   0    ifprt =   0    ifplw =   0    ilogd =   3
 rlogd=   1.80000     emin=  -2.40000     emax=   1.60000     nnt=   40
 thresh, tol =   1.000E-11   1.000E-09    damp =  .500    maxit = 250

          *************************************************************
          Chlorine             Perdew Wang 1991    exchange-correlation
          *************************************************************

 z =  17.    xion =  .00    exfact =   4.00000    irel=   2
 ncspvs =    5
 rmax = 200.00000    aasf =   7.00000    bbsf =  60.00000

 value of mesh generated in rinit is   909
 irel = 2 so all electron calculations use koelling-harmon equations


                         the system has converged with
                                 delta=  .8862541D-09


                             the eigenvalues are


          orbital          occupation          energy
           100                   2.00            -202.29195
           200                   2.00             -18.57963
           210                   6.00             -14.10065
           300                   2.00              -1.52437
           310                   5.00               -.63558
 etot=   -923.21935 ryd ;     -12560.39885 ev            ebsr,ehar,emvxc=   -532.57367    407.17644     16.53075

 subroutine lderiv: pass   1

 leaving lderiv
