========================================================================
pseudopotential program version  7.3.3   date:  0 -  0 -    0
========================================================================

 ifae =   1    ifpsp =   0    ifprt =   0    ifplw =   0    ilogd =   3
 rlogd=   1.80000     emin=  -2.40000     emax=   1.60000     nnt=   40
 thresh, tol =   1.000E-10   1.000E-09    damp =  .100    maxit = 400

          *************************************************************
           4.0_Fluorine        Perdew Wang 1991    exchange-correlation
          *************************************************************

 z =   9.    xion =  .00    exfact =   4.00000    irel=   2
 ncspvs =    3
 rmax = 200.00000    aasf =   6.00000    bbsf =  59.00000

 value of mesh generated in rinit is   799
 irel = 2 so all electron calculations use koelling-harmon equations


                         the system has converged with
                                 delta=  .9404136D-09


                             the eigenvalues are


          orbital          occupation          energy
           100                   2.00             -48.78896
           200                   2.00              -2.20091
           210                   5.00               -.82338
 etot=   -199.61765 ryd ;      -2715.79809 ev            ebsr,ehar,emvxc=   -106.09668     99.41126      5.89028

 subroutine lderiv: pass   1

 leaving lderiv
