========================================================================
pseudopotential program version  7.3.3   date:  0 -  0 -    0
========================================================================

 ifae =   1    ifpsp =   0    ifprt =   0    ifplw =   0    ilogd =   3
 rlogd=   1.80000     emin=  -2.00000     emax=   2.00000     nnt=   80
 thresh, tol =   1.000E-10   1.000E-09    damp =  .200    maxit = 250

          *************************************************************
          N                    Perdew Wang 1991    exchange-correlation
          *************************************************************

 z =   7.    xion =  .00    exfact =   4.00000    irel=   0
 ncspvs =    3
 rmax =  80.00000    aasf =   7.00000    bbsf =  60.00000

 value of mesh generated in rinit is   801
 irel = 0 so all electron calculations use schroedinger equations


                         the system has converged with
                                 delta=  .9293876D-09


                             the eigenvalues are


          orbital          occupation          energy
           100                   2.00             -28.28479
           200                   2.00              -1.36729
           210                   3.00               -.52654
 etot=   -108.92554 ryd ;      -1481.93193 ev            ebsr,ehar,emvxc=    -60.88377     51.77667      3.73490

 subroutine lderiv: pass   1

 leaving lderiv
