========================================================================
pseudopotential program version  7.3.3   date:  0 -  0 -    0
========================================================================

 ifae =   1    ifpsp =   0    ifprt =   0    ifplw =   0    ilogd =   3
 rlogd=   1.80000     emin=  -2.40000     emax=   1.60000     nnt=   40
 thresh, tol =   1.000E-10   1.000E-09    damp =  .400    maxit = 250

          *************************************************************
          talium                    ceperley-alder exchange-correlation
          *************************************************************

 z =  81.    xion =  .00    exfact =    .00000    irel=   2
 ncspvs =   15
 rmax = 150.00000    aasf =  13.00000    bbsf =  40.00000

 value of mesh generated in rinit is   899
 irel = 2 so all electron calculations use koelling-harmon equations


                         the system has converged with
                                 delta=  .8691975D-09


                             the eigenvalues are


          orbital          occupation          energy
           100                   2.00           -6289.30410
           200                   2.00           -1119.88738
           210                   6.00            -963.43442
           300                   2.00            -267.28153
           310                   6.00            -222.26642
           320                  10.00            -175.59245
           400                   2.00             -59.60056
           410                   6.00             -44.84335
           420                  10.00             -27.55487
           430                  14.00              -8.40909
           500                   2.00              -9.65010
           510                   6.00              -5.60471
           520                  10.00              -1.14797
           600                   2.00               -.72272
           610                   1.00               -.18968
 etot= -40469.78332 ryd ;    -550591.38361 ev            ebsr,ehar,emvxc= -25070.65606  15639.88452    240.75725

 subroutine lderiv: pass   1

 leaving lderiv
