========================================================================
pseudopotential program version  7.3.3   date:  0 -  0 -    0
========================================================================

 ifae =   1    ifpsp =   0    ifprt =   0    ifplw =   0    ilogd =   3
 rlogd=   2.60000     emin=  -2.00000     emax=   2.00000     nnt=   80
 thresh, tol =   1.000E-10   1.000E-09    damp =  .200    maxit = 250

          *************************************************************
          Copper               Perdew Wang 1991    exchange-correlation
          *************************************************************

 z =  29.    xion =  .00    exfact =   4.00000    irel=   2
 ncspvs =    8
 rmax = 150.00000    aasf =  13.00000    bbsf =  40.00000

 value of mesh generated in rinit is   857
 irel = 2 so all electron calculations use koelling-harmon equations


                         the system has converged with
                                 delta=  .7662315D-09


                             the eigenvalues are


          orbital          occupation          energy
           100                   2.00            -650.68417
           200                   2.00             -78.10678
           210                   6.00             -67.42706
           300                   2.00              -8.43028
           310                   6.00              -5.30599
           320                  10.00               -.37589
           400                   1.00               -.34278
           410                    .00               -.05503
 etot=  -3310.51151 ryd ;     -45039.50760 ev            ebsr,ehar,emvxc=  -1914.94245   1436.15064     40.58158

 subroutine lderiv: pass   1

 leaving lderiv
