========================================================================
pseudopotential program version  7.3.3   date:  0 -  0 -    0
========================================================================

 ifae =   1    ifpsp =   0    ifprt =   0    ifplw =   0    ilogd =   3
 rlogd=   1.80000     emin=  -2.40000     emax=   1.60000     nnt=   40
 thresh, tol =   1.000E-11   1.000E-09    damp =  .500    maxit = 250

          *************************************************************
          sulfur               Perdew Wang 1991    exchange-correlation
          *************************************************************

 z =  16.    xion =  .00    exfact =   4.00000    irel=   2
 ncspvs =    5
 rmax = 200.00000    aasf =   7.00000    bbsf =  60.00000

 value of mesh generated in rinit is   907
 irel = 2 so all electron calculations use koelling-harmon equations


                         the system has converged with
                                 delta=  .7044243D-09


                             the eigenvalues are


          orbital          occupation          energy
           100                   2.00            -176.90233
           200                   2.00             -15.56602
           210                   6.00             -11.51763
           300                   2.00              -1.27182
           310                   4.00               -.51856
 etot=   -798.41342 ryd ;     -10862.41428 ev            ebsr,ehar,emvxc=   -458.66034    354.71897     14.96588

 subroutine lderiv: pass   1

 leaving lderiv
