========================================================================
pseudopotential program version  7.3.3   date:  0 -  0 -    0
========================================================================

 ifae =   0    ifpsp =   2    ifprt =   1    ifplw =   1    ilogd =   3
 rlogd=   1.80000     emin=  -2.40000     emax=   1.60000     nnt=   40
 thresh, tol =   1.000E-11   1.000E-09    damp =  .500    maxit = 250
 ncores =    1    nvales =    2    nang =    2
 core charge =  2.00000 and valence charge =  6.00000
 besrmax = 10.00    besemin = 30.00    besemax = 40.00    besde=  5.00
 keyps =    3   ifpcor =    0   rinner =    .70000   rpcor =    .00000
 nbeta =  4     rcloc =   1.000
 rc for s, p, d, f =   1.30000      1.30000
 ib, lll, eee, iptype =   1   0  -1.742   2
 ib, lll, eee, iptype =   2   0   -.677   2
 ib, lll, eee, iptype =   3   1  -1.742   2
 ib, lll, eee, iptype =   4   1   -.677   2
 npf =  8      ptryc =  10.00000
 lloc =  2     eloc =    .00000     iploctype=  1
 ifqopt =  2     nqf =  8     qtryc =  10.00000     nfix =  0

 value of mesh generated in rinit is   737
 rlogd =  1.80000 generated klogd =  513 with r(klogd) =  1.81912

          logarimic radial mesh values:

     index            r                  rab

       1          .00000000           .00000525
       2          .00000530           .00000534
       3          .00001068           .00000543
       4          .00001616           .00000553
       5          .00002173           .00000562
       6          .00002740           .00000572
       7          .00003317           .00000581
       8          .00003903           .00000591
       9          .00004499           .00000601
      10          .00005106           .00000612
       .          .                   .
       .          .                   .
       .          .                   .
     727        68.41818661          1.15963553
     728        69.58770532          1.17945788
     729        70.77721532          1.19961907
     730        71.98705834          1.22012488
     731        73.21758193          1.24098122
     732        74.46913961          1.26219406
     733        75.74209091          1.28376950
     734        77.03680155          1.30571375
     735        78.35364345          1.32803311
     736        79.69299493          1.35073398
     737        81.05524076          1.37382289
 subroutine setnuc - nuclear core radius =     .19669E-03
 irel = 0 so all electron calculations use schroedinger equations

 subroutine rsae: construct charge density
 leaving rsae


                         the system has converged with
                                 delta=  .1673778D-10


                             the eigenvalues are


          orbital          occupation          energy
           100                   2.00             -37.51685
           200                   2.00              -1.74236
           210                   4.00               -.67660
 etot=   -148.93628 ryd ;      -2026.27807 ev            ebsr,ehar,emvxc=    -81.22483     72.64969      4.93824

 subroutine prwf: writing wavefunctions to unit iplot

 subroutine lderiv: pass   1

 leaving lderiv

 -----------------------------------------------
 begin subroutine scpgef
 -----------------------------------------------

   rcmax, rbeta, rlogd =    1.30000   2.01388   1.80000
          kkbeta,klogd =                  519       513
   lloc = 2 so new pseudization scheme for vloc with eloc =     .000

   subroutine psv: pseudize the local potential

   generating vloc with lloc  2 eloc =   .00000
   calling phase
   calling pswf1

   subroutine pswf1
   leaving pswf1
   calling phase

   results for the local potential vloc
        r         vloc         dum2         dum3
       .0058   -.10374084    .00000012    .00000012
       .0293   -.52232941    .00001567    .00001567
       .0524   -.93094457    .00008932    .00008932
       .0762  -1.34757099    .00027384    .00027384
       .1000  -1.75730839    .00061627    .00061627
       .1226  -2.13770357    .00112916    .00112916
       .1453  -2.50912572    .00186545    .00186545
       .1693  -2.88853617    .00292307    .00292307
       .1939  -3.26189075    .00434513    .00434513
       .2184  -3.61474702    .00612986    .00612986
       .2418  -3.93389901    .00821210    .00821211
       .2632  -4.20877758    .01045612    .01045612
       .2865  -4.48831618    .01328345    .01328346
       .3119  -4.76806151    .01683170    .01683170
       .3338  -4.98812515    .02029846    .02029847
       .3572  -5.20086573    .02442781    .02442781
       .3823  -5.40180605    .02932891    .02932891
       .4022  -5.54162939    .03358396    .03358397
       .4305  -5.70875492    .04013611    .04013612
       .4529  -5.81596544    .04578776    .04578777
       .4766  -5.90421672    .05214340    .05214342
       .5015  -5.97021767    .05927166    .05927168
       .5188  -6.00016585    .06448859    .06448861
       .5458  -6.02142509    .07306694    .07306696
       .5647  -6.01832434    .07932179    .07932181
       .5941  -5.98528967    .08956908    .08956910
       .6146  -5.94301200    .09701484    .09701486
       .6358  -5.88359432    .10498377    .10498380
       .6578  -5.80639373    .11350499    .11350502
       .6805  -5.71096262    .12260967    .12260970
       .7039  -5.59710808    .13233162    .13233165
       .7282  -5.46496400    .14270784    .14270788
       .7533  -5.31507872    .15377933    .15377937
       .7793  -5.14852217    .16559188    .16559192
       .8062  -4.96701760    .17819705    .17819709
       .8200  -4.87141625    .18481480    .18481485
       .8483  -4.67255988    .19872065    .19872070
       .8775  -4.46708940    .21357971    .21357977
       .8925  -4.36355196    .22139107    .22139112
       .9233  -4.15915293    .23783112    .23783119
       .9391  -4.06038104    .24648298    .24648305
       .9715  -3.87604250    .26471195    .26471202
       .9881  -3.79354039    .27431486    .27431493
      1.0222  -3.64825803    .29456341    .29456347
      1.0397  -3.57744648    .30523591    .30523597
      1.0574  -3.50748223    .31629267    .31629273
      1.0755  -3.43839247    .32774851    .32774857
      1.1126  -3.30294505    .35191996    .35192002
      1.1316  -3.23663628    .36466850    .36466856
      1.1510  -3.17138225    .37788207    .37788212
      1.1707  -3.10713548    .39157891    .39157896
      1.2111  -2.98169055    .42049942    .42049947
      1.2318  -2.92052228    .43576362    .43576367
      1.2528  -2.86040747    .45159226    .45159231
      1.2742  -2.80135513    .46800781    .46800785
   leaving psv

  chart: pseudized local potential
       .0273                                                                                                 1       !
       .0829                                                                                 1                       !
       .1384                                                                 1                                       !
       .1939                                                   1                                                     !
       .2494                                       1                                                                 !
       .3049                            1                                                                            !
       .3604                  1                                                                                      !
       .4159           1                                                                                             !
       .4714       1                                                                                                 !
       .5269     1                                                                                                   !
       .5825     1                                                                                                   !
       .6380       1                                                                                                 !
       .6935           1                                                                                             !
       .7490               1                                                                                         !
       .8045                     1                                                                                   !
       .8600                           1                                                                             !
       .9155                                  1                                                                      !
       .9710                                         1                                                               !
      1.0265                                            1                                                            !
      1.0821                                                1                                                        !
      1.1376                                                   1                                                     !
      1.1931                                                      1                                                  !
      1.2486                                                        1                                                !
      1.3041                                                           1                                             !
      1.3596                                                             1                                           !
      1.4151                                                                1                                        !
      1.4706                                                                  1                                      !
      1.5262                                                                   1                                     !
      1.5817                                                                     1                                   !
      1.6372                                                                      1                                  !
      1.6927                                                                        1                                !
      1.7482                                                                         1                               !
      1.8037                                                                          1                              !
      1.8592                                                                            1                            !
      1.9147                                                                             1                           !
      1.9702                                                                             1                           !
      2.0258                                                                              1                          !
      2.0813                                                                                1                        !
      2.1368                                                                                1                        !
      2.1923                                                                                 1                       !
      2.2478                                                                                 11                      !
 
      2.3588                                                                                   1                     !
 
      2.4698                                                                                    1                    !
      2.5254                                                                                     1                   !
      2.5809                                                                                     1                   !
 
      2.6919                                                                                      1                  !
      2.7474                                                                                       1                 !
      2.8029                                                                                       1                 !
      2.8584                                                                                        1                !
      2.9139                                                                                        1                !
 
      3.0250                                                                                         1               !
                 i         i         i         i         i         i         i         i         i         i         i
            -6.011              -4.809              -3.607              -2.404              -1.202               .0000E+00
                      -5.410              -4.208              -3.006              -1.803              -.6011    
 

   -------------------------------------------
   constructing ibeta = 1
   -------------------------------------------

   ibeta,lcur,ecur,ipsu    1    0 -1.7424    2
   calling phase
   calling pswf2 - polynomial optimization

   subroutine pswf2
   leaving pswf2

   results for ibeta = 1
    psi - unpseudised wavefunction
    phi - pseudised wavefunction
    chi - projector function

       r         psi          phi          chi
      .0046   -.01248945    .00232991    .02752991
      .0230   -.05383279    .01166540    .13769704
      .0412   -.08273383    .02086212    .24568182
      .0600   -.10236537    .03031953    .35570649
      .0788   -.11355368    .03973923    .46379365
      .0966   -.11780878    .04862878    .56399077
      .1145   -.11702385    .05748410    .66163453
      .1335   -.11176874    .06675899    .76111839
      .1529   -.10263759    .07617399    .85866999
      .1693   -.09262097    .08402886    .93700379
      .1874   -.07963123    .09261434   1.01901506
      .2075   -.06350587    .10197097   1.10355658
      .2259   -.04761785    .11038099   1.17471416
      .2459   -.02952047    .11936156   1.24504993
      .2632   -.01350797    .12695965   1.29951472
      .2817    .00378446    .13492219   1.35112262
      .3015    .02224302    .14323994   1.39846718
      .3172    .03676353    .14970169   1.43018777
      .3338    .05177974    .15634382   1.45778083
      .3572    .07241774    .16545661   1.48661046
      .3758    .08822635    .17246024   1.50099474
      .3888    .09885983    .17719730   1.50655583
      .4091    .11486019    .18438447   1.50803989
      .4305    .13080328    .19164038   1.50029494
      .4453    .14133150    .19649707   1.48945068
      .4686    .15686520    .20377834   1.46386357
      .4847    .16698367    .20860810   1.44016091
      .5015    .17685936    .21339869   1.41083893
      .5188    .18644645    .21813135   1.37568673
      .5367    .19569908    .22278555   1.33455169
      .5552    .20457172    .22733886   1.28735394
      .5743    .21301958    .23176698   1.23410179
      .5941    .22099900    .23604368   1.17490752
      .6146    .22846791    .24014086   1.11000288
      .6358    .23538620    .24402858   1.03975307
      .6467    .23862698    .24588407   1.00277722
      .6690    .24464959    .24939788    .92551309
      .6805    .24742310    .25104777    .88540936
      .7039    .25247530    .25411192    .80279062
      .7282    .25684484    .25683265    .71776998
      .7407    .25876596    .25805317    .67469385
      .7533    .26050776    .25917457    .63143284
      .7793    .26344434    .26110253    .54496440
      .7926    .26463534    .26190047    .50206978
      .8200    .26645554    .26314342    .41775429
      .8340    .26708276    .26358038    .37665109
      .8483    .26752059    .26388919    .33646033
      .8628    .26776882    .26406616    .29733663
      .8925    .26769731    .26401057    .22290227
      .9078    .26737874    .26377135    .18789955
      .9233    .26687296    .26338699    .15458656
      .9391    .26618136    .26285446    .12313765
      .9552    .26530564    .26217084    .09374816
      .9881    .26301024    .26033892    .04210202
     1.0050    .26159551    .25918499    .02045865
     1.0222    .26000655    .25786865   -.00011262
     1.0397    .25824657    .25638710   -.01981674
     1.0574    .25631906    .25473756   -.03842166
     1.0755    .25422779    .25291738   -.05556469
     1.0939    .25197677    .25092412   -.07073412
     1.1126    .24957028    .24875581   -.08326360
     1.1316    .24701283    .24641118   -.09234301
     1.1510    .24430918    .24389007   -.09704503
     1.1707    .24146427    .24119389   -.09646620
     1.1907    .23848326    .23832614   -.08984709
     1.2111    .23537151    .23529294   -.07685378
     1.2111    .23537151    .23529294   -.07685378
     1.2318    .23213455    .23210346   -.05800903
     1.2528    .22877807    .22876994   -.03534725
     1.2742    .22530791    .22530709   -.01330175

   -------------------------------------------
   constructing ibeta = 2
   -------------------------------------------

   ibeta,lcur,ecur,ipsu    2    0  -.6766    2
   calling phase
   calling pswf2 - polynomial optimization

   subroutine pswf2
   leaving pswf2

   results for ibeta = 2
    psi - unpseudised wavefunction
    phi - pseudised wavefunction
    chi - projector function

       r         psi          phi          chi
      .0046    .01190370   -.00230151   -.02804978
      .0230    .05130306   -.01152251   -.14029194
      .0412    .07882707   -.02060379   -.25028960
      .0600    .09749004   -.02993750   -.36232572
      .0788    .10807546   -.03922662   -.47233089
      .0966    .11202782   -.04798402   -.57423578
      .1145    .11114902   -.05669689   -.67345903
      .1335    .10597576   -.06580856   -.77444236
      .1529    .09708035   -.07504039   -.87332751
      .1693    .08735681   -.08272667   -.95260859
      .1874    .07477066   -.09110897  -1.03546290
      .2075    .05916837   -.10021836  -1.12067000
      .2259    .04381366   -.10837984  -1.19217810
      .2459    .02634343   -.11706350  -1.26260536
      .2632    .01090384   -.12438154  -1.31690140
      .2817   -.00574881   -.13201844  -1.36807294
      .3015   -.02349657   -.13995621  -1.41465972
      .3172   -.03743415   -.14609107  -1.44556661
      .3338   -.05182154   -.15236473  -1.47210812
      .3572   -.07154338   -.16091115  -1.49912392
      .3758   -.08660054   -.16742468  -1.51181035
      .3888   -.09669925   -.17179953  -1.51606855
      .4091   -.11184161   -.17838340  -1.51533242
      .4305   -.12685233   -.18495501  -1.50504393
      .4453   -.13671288   -.18930486  -1.49232674
      .4686   -.15116756   -.19574045  -1.46367812
      .4847   -.16050940   -.19994332  -1.43778130
      .5015   -.16955758   -.20405114  -1.40616055
      .5188   -.17826141   -.20804006  -1.36862639
      .5367   -.18656968   -.21188403  -1.32505376
      .5552   -.19443099   -.21555466  -1.27539724
      .5743   -.20179415   -.21902117  -1.21970707
      .5941   -.20860850   -.22225038  -1.15814541
      .6146   -.21482438   -.22520663  -1.09100196
      .6358   -.22039353   -.22785192  -1.01870775
      .6467   -.22292097   -.22904545   -.98080512
      .6690   -.22743351   -.23114809   -.90192650
      .6805   -.22940786   -.23204637   -.86115506
      .7039   -.23276708   -.23350900   -.77753043
      .7282   -.23530838   -.23448822   -.69200849
      .7407   -.23626111   -.23478202   -.64889349
      .7533   -.23699636   -.23493745   -.60574511
      .7793   -.23779922   -.23480966   -.51997909
      .7926   -.23785986   -.23451471   -.47768077
      .8200   -.23728403   -.23343368   -.39504481
      .8340   -.23664216   -.23263619   -.35501339
      .8483   -.23576115   -.23165992   -.31603432
      .8628   -.23463898   -.23049940   -.27824467
      .8925   -.23166448   -.22760421   -.20674370
      .9078   -.22980951   -.22585909   -.17327085
      .9233   -.22770808   -.22390879   -.14146916
      .9391   -.22535958   -.22174830   -.11145509
      .9552   -.22276366   -.21937260   -.08335481
      .9881   -.21682953   -.21395562   -.03350974
     1.0050   -.21349197   -.21090426   -.01217114
     1.0222   -.20990829   -.20761753    .00821980
     1.0397   -.20607945   -.20409022    .02780486
     1.0574   -.20200667   -.20031713    .04634048
     1.0755   -.19769138   -.19629310    .06344419
     1.0939   -.19313525   -.19201316    .07857524
     1.1126   -.18834017   -.18747271    .09102804
     1.1316   -.18330822   -.18266789    .09994359
     1.1510   -.17804167   -.17759590    .10434270
     1.1707   -.17254297   -.17225554    .10325905
     1.1907   -.16681472   -.16664776    .09587990
     1.2111   -.16085969   -.16077622    .08184154
     1.2111   -.16085969   -.16077622    .08184154
     1.2318   -.15468075   -.15464773    .06168504
     1.2528   -.14828092   -.14827229    .03755133
     1.2742   -.14166330   -.14166242    .01412281

   -------------------------------------------
   constructing ibeta = 3
   -------------------------------------------

   ibeta,lcur,ecur,ipsu    3    1 -1.7424    2
   calling phase
   calling pswf2 - polynomial optimization

   subroutine pswf2
   leaving pswf2

   results for ibeta = 3
    psi - unpseudised wavefunction
    phi - pseudised wavefunction
    chi - projector function

       r         psi          phi          chi
      .0046    .00023268    .00003063    .00013674
      .0230    .00542686    .00076791    .00343734
      .0412    .01619994    .00245678    .01106290
      .0600    .03194140    .00519184    .02360088
      .0788    .05134096    .00892553    .04108328
      .0966    .07233043    .01337750    .06246128
      .1145    .09526629    .01871429    .08881383
      .1335    .12096430    .02527712    .12223602
      .1529    .14836682    .03296856    .16271174
      .1693    .17197201    .04018959    .20186222
      .1874    .19831600    .04893247    .25056005
      .2075    .22744313    .05949195    .31094219
      .2259    .25381929    .06992383    .37187282
      .2459    .28203469    .08207687    .44388102
      .2632    .30584980    .09320466    .51021734
      .2817    .33067357    .10573135    .58466072
      .3015    .35639090    .11980590    .66708379
      .3172    .37618170    .13147273    .73367992
      .3338    .39632796    .14416957    .80361303
      .3572    .42360944    .16282683    .89999632
      .3758    .44427523    .17821276    .97230304
      .3888    .45809892    .18917535   1.01912881
      .4091    .47883181    .20673279   1.08483777
      .4305    .49947068    .22569122   1.14139815
      .4453    .51312569    .23914242   1.17155550
      .4686    .53337247    .26058291   1.20111414
      .4847    .54666675    .27574093   1.20752849
      .5015    .55976152    .29160336   1.20088726
      .5188    .57262628    .30817601   1.17907146
      .5367    .58523182    .32545869   1.14003707
      .5552    .59755069    .34344372   1.08195566
      .5743    .60955775    .36211444   1.00339352
      .5941    .62123075    .38144352    .90352915
      .6146    .63255087    .40139141    .78240372
      .6358    .64350336    .42190502    .64119114
      .6467    .64883842    .43235342    .56379468
      .6690    .65922233    .45358432    .39777293
      .6805    .66427075    .46434451    .31041019
      .7039    .67408233    .48609257    .13095977
      .7282    .68352104    .50805428   -.04828452
      .7407    .68810507    .51907998   -.13507071
      .7533    .69260229    .53011650   -.21838090
      .7793    .70134962    .55216625   -.36977054
      .7926    .70560779    .56315332   -.43557947
      .8200    .71391767    .58499478   -.54272782
      .8340    .71798106    .59583113   -.58285845
      .8483    .72199228    .60660255   -.61376732
      .8628    .72595883    .61730541   -.63578698
      .8925    .73379147    .63850330   -.65710642
      .9078    .73767620    .64900323   -.65985396
      .9233    .74155356    .65944381   -.66065650
      .9391    .74543486    .66983174   -.66274880
      .9552    .74933221    .68017399   -.66984236
      .9881    .75722797    .70074294   -.71501590
     1.0050    .76125511    .71097231   -.76062340
     1.0222    .76535584    .72115754   -.83158292
     1.0397    .76954697    .73128330   -.93115087
     1.0574    .77384637    .74132428  -1.05925851
     1.0755    .77827299    .75124414  -1.21239858
     1.0939    .78284693    .76099547  -1.38256409
     1.1126    .78758950    .77052142  -1.55626317
     1.1316    .79252322    .77975966  -1.71381965
     1.1510    .79767195    .78864923  -1.82928001
     1.1707    .80306090    .79714092  -1.87175236
     1.1907    .80871671    .80521111  -1.80852483
     1.2111    .81466755    .81287827  -1.61169264
     1.2111    .81466755    .81287827  -1.61169264
     1.2318    .82094321    .82021947  -1.26992920
     1.2528    .82757517    .82738157   -.80827471
     1.2742    .83459672    .83457652   -.31738838

   -------------------------------------------
   constructing ibeta = 4
   -------------------------------------------

   ibeta,lcur,ecur,ipsu    4    1  -.6766    2
   calling phase
   calling pswf2 - polynomial optimization

   subroutine pswf2
   leaving pswf2

   results for ibeta = 4
    psi - unpseudised wavefunction
    phi - pseudised wavefunction
    chi - projector function

       r         psi          phi          chi
      .0046    .00023300    .00002848    .00011268
      .0230    .00543411    .00071388    .00283491
      .0412    .01621947    .00228349    .00913998
      .0600    .03197299    .00482421    .01955240
      .0788    .05137610    .00829013    .03415886
      .0966    .07235290    .01241911    .05214630
      .1145    .09525190    .01736336    .07448951
      .1335    .12087516    .02343544    .10306298
      .1529    .14815214    .03054035    .13796974
      .1693    .17160477    .03719949    .17200200
      .1874    .19772180    .04524738    .21464353
      .2075    .22651645    .05494586    .26791231
      .2259    .25250457    .06450372    .32202661
      .2459    .28019658    .07560890    .38635035
      .2632    .30346768    .08574899    .44588428
      .2817    .32760744    .09713112    .51292673
      .3015    .35246836    .10987795    .58734342
      .3172    .37148051    .12041027    .64753791
      .3338    .39071000    .13183705    .71073280
      .3572    .41651559    .14855998    .79761813
      .3758    .43585080    .16228856    .86242598
      .3888    .44866457    .17203526    .90407873
      .4091    .46767352    .18758317    .96177541
      .4305    .48630417    .20428316   1.01003193
      .4453    .49844189    .21607424   1.03450019
      .4686    .51611049    .23476514   1.05531601
      .4847    .52746223    .24789899   1.05578141
      .5015    .53841600    .26156816   1.04311855
      .5188    .54892303    .27576294   1.01523962
      .5367    .55893437    .29046596    .97014591
      .5552    .56840123    .30565052    .90607365
      .5743    .57727537    .32127885    .82167951
      .5941    .58550956    .33730019    .71626552
      .6146    .59305797    .35364896    .59003753
      .6358    .59987664    .37024317    .44438343
      .6467    .60299919    .37860188    .36509617
      .6690    .60864595    .39537177    .19614959
      .6805    .61116079    .40375131    .10784279
      .7039    .61555156    .42041265   -.07220836
      .7282    .61906394    .43681734   -.24997195
      .7407    .62048172    .44487353   -.33509584
      .7533    .62166959    .45280486   -.41605509
      .7793    .62334438    .46821056   -.56047784
      .7926    .62382640    .47564473   -.62159028
      .8200    .62406961    .48988146   -.71681185
      .8340    .62382769    .49665021   -.74972443
      .8483    .62334187    .50316620   -.77262943
      .8628    .62261138    .50941716   -.78593767
      .8925    .62041488    .52108545   -.78822872
      .9078    .61894892    .52648856   -.78103816
      .9233    .61723839    .53159751   -.77196415
      .9391    .61528413    .53640825   -.76457507
      .9552    .61308727    .54091644   -.76297967
      .9881    .60797194    .54899783   -.79505521
     1.0050    .60505733    .55254720   -.83735022
     1.0222    .60190784    .55574232   -.90651977
     1.0397    .59852614    .55855191  -1.00574905
     1.0574    .59491522    .56093346  -1.13498778
     1.0755    .59107832    .56283204  -1.29060170
     1.0939    .58701899    .56418020  -1.46426472
     1.1126    .58274103    .56489965  -1.64192715
     1.1316    .57824849    .56490528  -1.80308256
     1.1510    .57354569    .56411238  -1.92068225
     1.1707    .56863716    .56244734  -1.96247540
     1.1907    .56352766    .55986206  -1.89430094
     1.2111    .55822218    .55635113  -1.68699435
     1.2111    .55822218    .55635113  -1.68699435
     1.2318    .55272590    .55196906  -1.32867689
     1.2528    .54704420    .54684175   -.84543933
     1.2742    .54118267    .54116155   -.33193580

   -------------------------------------------
   construct beta functions and matrices
   -------------------------------------------

    matrix b(i,j)

        .15373       -.14645        .00000        .00000
       -.15160        .14464        .00000        .00000
        .00000        .00000       -.27091       -.18397
        .00000        .00000       -.33338       -.23532

    matrix q(i,j)

       -.00502        .00484        .00000        .00000
        .00484       -.00468        .00000        .00000
        .00000        .00000        .14458        .14014
        .00000        .00000        .14014        .13517

    matrix d(i,j)

        .16247       -.15488        .00000        .00000
       -.15488        .14780        .00000        .00000
        .00000        .00000       -.52282       -.42815
        .00000        .00000       -.42820       -.32678

    matrix d(i,j)

        .16247       -.15488        .00000        .00000
       -.15488        .14780        .00000        .00000
        .00000        .00000       -.52282       -.42818
        .00000        .00000       -.42818       -.32678

    matrix i(i,j)

    4303.30447    4357.10983        .00000        .00000
    4510.47408    4573.78347        .00000        .00000
        .00000        .00000     -97.33325      76.09411
        .00000        .00000     137.89296    -112.05278

   -------------------------------------------
   pseudize q-functions
   -------------------------------------------
 
   ====================================================================================================
    ib = 1 , lll(ib) = 0 , jb =  1 , lll(jb) = 0 , lmin = 0 , lmax = 0
   ====================================================================================================
    ib = 1 , lll(ib) = 0 , jb =  2 , lll(jb) = 0 , lmin = 0 , lmax = 0
   ====================================================================================================
    ib = 1 , lll(ib) = 0 , jb =  3 , lll(jb) = 1 , lmin = 1 , lmax = 1
   ====================================================================================================
    ib = 1 , lll(ib) = 0 , jb =  4 , lll(jb) = 1 , lmin = 1 , lmax = 1
   ====================================================================================================
    ib = 2 , lll(ib) = 0 , jb =  1 , lll(jb) = 0 , lmin = 0 , lmax = 0
   ====================================================================================================
    ib = 2 , lll(ib) = 0 , jb =  2 , lll(jb) = 0 , lmin = 0 , lmax = 0
   ====================================================================================================
    ib = 2 , lll(ib) = 0 , jb =  3 , lll(jb) = 1 , lmin = 1 , lmax = 1
   ====================================================================================================
    ib = 2 , lll(ib) = 0 , jb =  4 , lll(jb) = 1 , lmin = 1 , lmax = 1
   ====================================================================================================
    ib = 3 , lll(ib) = 1 , jb =  1 , lll(jb) = 0 , lmin = 1 , lmax = 1
   ====================================================================================================
    ib = 3 , lll(ib) = 1 , jb =  2 , lll(jb) = 0 , lmin = 1 , lmax = 1
   ====================================================================================================
    ib = 3 , lll(ib) = 1 , jb =  3 , lll(jb) = 1 , lmin = 0 , lmax = 2
   ====================================================================================================
    ib = 3 , lll(ib) = 1 , jb =  4 , lll(jb) = 1 , lmin = 0 , lmax = 2
   ====================================================================================================
    ib = 4 , lll(ib) = 1 , jb =  1 , lll(jb) = 0 , lmin = 1 , lmax = 1
   ====================================================================================================
    ib = 4 , lll(ib) = 1 , jb =  2 , lll(jb) = 0 , lmin = 1 , lmax = 1
   ====================================================================================================
    ib = 4 , lll(ib) = 1 , jb =  3 , lll(jb) = 1 , lmin = 0 , lmax = 2
   ====================================================================================================
    ib = 4 , lll(ib) = 1 , jb =  4 , lll(jb) = 1 , lmin = 0 , lmax = 2

   -------------------------------------------
   transform so betas are orthogonal
   -------------------------------------------
 
  after transformation :

    matrix q(i,j)

       -.22963       -.13945        .00000        .00000
       -.13945       -.14125        .00000        .00000
        .00000        .00000       3.80725      -1.96464
        .00000        .00000      -1.96464        .92994

    matrix d(i,j)

       6.40180       2.70700        .00000        .00000
       2.70700       2.14286        .00000        .00000
        .00000        .00000       8.49035     -11.99037
        .00000        .00000     -11.99037      12.10805

 -----------------------------------------------
 end subroutine scpgef
 -----------------------------------------------

   chart: qfunction Q_{ib,ib}(r)
       .0184              !                                                                                           
       .0554             1!43                                                                                         
       .0923             1! 4   3                                                                                     
       .1293            12!    4      3                                                                               
       .1662          1  2!      4            3                                                                       
       .2032         1  2 !          4                 3                                                              
       .2401       1    2 !             4                       3                                                     
       .2771      1    2  !                4                              3                                           
       .3140      1    2  !                   4                                    3                                  
       .3510     1     2  !                      4                                          3                         
       .3879     1     2  !                         4                                                3                
       .4249     1     2  !                          4                                                     3          
       .4619      1     2 !                           4                                                         3     
       .4988       1    2 !                            4                                                            3 
       .5358        1   2 !                           4                                                              3
       .5727          1  2!                         4                                                               3 
       .6097           1 2!                       4                                                             3     
       .6466            12!                    4                                                            3         
       .6836             2!                 4                                                          3              
       .7205             2!1             4                                                      3                     
       .7575             2!1         4                                                 3                              
       .7944            2 !1     4                                            3                                       
       .8314            2 !1 4                                      3                                                 
       .8683            2 !1                                 3                                                        
       .9053           24 !1                        3                                                                 
       .9422          42  !                   3                                                                       
       .9792         4 2  !           3                                                                               
      1.0162        4   2 !       3                                                                                   
      1.0531         4  2 !   3                                                                                       
      1.0901         4   2! 3                                                                                         
      1.1270           4 2!                                                                                           
      1.1640            42!                                                                                           
      1.2009             4!                                                                                           
      1.2379              !                                                                                           
      1.2748              !                                                                                           
      1.3118              !                                                                                           
      1.3487              !                                                                                           
      1.3857              !                                                                                           
      1.4226              !                                                                                           
      1.4596              !                                                                                           
      1.4965              !                                                                                           
      1.5335              !                                                                                           
      1.5704              !                                                                                           
      1.6074              !                                                                                           
      1.6444              !                                                                                           
      1.6813              !                                                                                           
      1.7183              !                                                                                           
      1.7552              !                                                                                           
      1.7922              !                                                                                           
      1.8291              !                                                                                           
      1.8661              !                                                                                           
      1.9030              !                                                                                           
      1.9400              !                                                                                           
      1.9769              !                                                                                           
      2.0139              !                                                                                           
                 i         i         i         i         i         i         i         i         i         i         i
            -.6678               .8355               2.339               3.842               5.345               6.848    
                       .8383E-01           1.587               3.090               4.594               6.097    
 

   q * fourier transform of pseudized qfunctions

       q         1 1       2 2       3 3       4 4
     .00000    .00000    .00000    .00000    .00000
     .40000   -.09158   -.05579   1.50896    .37023
     .80000   -.18157   -.10740   2.93563    .72991
    1.20000   -.26835   -.15121   4.20421   1.06843
    1.60000   -.35030   -.18454   5.25135   1.37505
    2.00000   -.42577   -.20603   6.03077   1.63923
    2.40000   -.49317   -.21571   6.51630   1.85105
    2.80000   -.55094   -.21490   6.70306   2.00196
    3.20000   -.59767   -.20598   6.60663   2.08563
    3.60000   -.63219   -.19197   6.26051   2.09882
    4.00000   -.65359   -.17603   5.71208   2.04209
    4.40000   -.66139   -.16101   5.01769   1.92021
    4.80000   -.65555   -.14906   4.23722   1.74214
    5.20000   -.63653   -.14137   3.42889   1.52053
    5.60000   -.60532   -.13808   2.64468   1.27078
    6.00000   -.56342   -.13836   1.92683   1.00964
    6.40000   -.51275   -.14067   1.30566    .75378
    6.80000   -.45558   -.14303    .79872    .51816
    7.20000   -.39440   -.14347    .41139    .31473
    7.60000   -.33176   -.14034    .13844    .15143
    8.00000   -.27013   -.13257   -.03348    .03175
    8.40000   -.21174   -.11989   -.12306   -.04522
    8.80000   -.15849   -.10280   -.15136   -.08420
    9.20000   -.11179   -.08248   -.13923   -.09271
    9.60000   -.07257   -.06060   -.10520   -.07984
   10.00000   -.04121   -.03901   -.06411   -.05492
   10.40000   -.01761   -.01951   -.02639   -.02639
   10.80000   -.00123   -.00353    .00193   -.00087
   11.20000    .00881    .00799    .01863    .01736
   11.60000    .01362    .01474    .02445    .02644
   12.00000    .01443    .01697    .02199    .02671
   12.40000    .01246    .01547    .01464    .02011
   12.80000    .00884    .01132    .00571    .00955
   13.20000    .00454    .00578   -.00217   -.00189
   13.60000    .00034    .00002   -.00743   -.01153
   14.00000   -.00325   -.00497   -.00956   -.01757
   14.40000   -.00589   -.00852   -.00894   -.01925
   14.80000   -.00746   -.01034   -.00654   -.01685
   15.20000   -.00798   -.01044   -.00352   -.01146
   15.60000   -.00760   -.00911   -.00093   -.00461
   16.00000   -.00651   -.00681    .00052    .00209
   16.40000   -.00493   -.00405    .00061    .00730
   16.80000   -.00309   -.00130   -.00046    .01019
   17.20000   -.00118    .00107   -.00216    .01053
   17.60000    .00062    .00286   -.00380    .00865
   18.00000    .00220    .00398   -.00474    .00531
   18.40000    .00348    .00449   -.00455    .00148
   18.80000    .00440    .00452   -.00307   -.00192
   19.20000    .00492    .00424   -.00049   -.00417
   19.60000    .00507    .00380    .00275   -.00493
   20.00000    .00484    .00330    .00605   -.00421

   chart: qfunction q*Q_{ib,ib}(q)
       .0000              !                                                                                           
       .4000             1!    4              3                                                                       
       .8000            12!         4                             3                                                   
      1.2000          1 2 !             4                                          3                                  
      1.6000         1 2  !                  4                                                   3                    
      2.0000        1  2  !                     4                                                           3         
      2.4000       1   2  !                        4                                                              3   
      2.8000      1    2  !                          4                                                               3
      3.2000      1    2  !                           4                                                             3 
      3.6000     1     2  !                           4                                                        3      
      4.0000     1      2 !                           4                                                 3             
      4.4000     1      2 !                         4                                         3                       
      4.8000     1      2 !                       4                                 3                                 
      5.2000     1      2 !                    4                         3                                            
      5.6000      1     2 !                4                  3                                                       
      6.0000      1     2 !             4           3                                                                 
      6.4000       1    2 !         4       3                                                                         
      6.8000        1   2 !      4   3                                                                                
      7.2000         1  2 !   4 3                                                                                     
      7.6000         1  2 ! 3                                                                                         
      8.0000          1 2 !                                                                                           
      8.4000           124!                                                                                           
      8.8000            12!                                                                                           
      9.2000            12!                                                                                           
      9.6000             1!                                                                                           
     10.0000             1!                                                                                           
     10.4000              !                                                                                           
     10.8000              !                                                                                           
     11.2000              !                                                                                           
     11.6000              !                                                                                           
     12.0000              !                                                                                           
     12.4000              !                                                                                           
     12.8000              !                                                                                           
     13.2000              !                                                                                           
     13.6000              !                                                                                           
     14.0000              !                                                                                           
     14.4000              !                                                                                           
     14.8000              !                                                                                           
     15.2000              !                                                                                           
     15.6000              !                                                                                           
     16.0000              !                                                                                           
     16.4000              !                                                                                           
     16.8000              !                                                                                           
     17.2000              !                                                                                           
     17.6000              !                                                                                           
     18.0000              !                                                                                           
     18.4000              !                                                                                           
     18.8000              !                                                                                           
     19.2000              !                                                                                           
     19.6000              !                                                                                           
     20.0000              !                                                                                           
                 i         i         i         i         i         i         i         i         i         i         i
            -.6614               .8115               2.284               3.757               5.230               6.703    
                       .7506E-01           1.548               3.021               4.494               5.967    
 

 subroutine scheqg: solve schroedinger equation
    nnlz,nctp,ninf =  200  496  632
      ecur,decur   -1.74236401   .3910E-06
      ecur,decur   -1.74236362   .3145E-11
    nnlz,nctp,ninf =  210  496  652
      ecur,decur    -.67659829   .3856E-05
      ecur,decur    -.67659443   .3007E-09
      ecur,decur    -.67659443   .4263E-13
 leaving scheqg

 subroutine rsae: construct charge density
   intermed rsvale for lp= 1  2.12818232
     alpha=   .66960387  -.25875620
     integrated rsvale after lp 1  2.00000050
   intermed rsvale for lp= 2  5.01042265
     alpha=  -.44738512  -.36213232
     integrated rsvale after lp 2  6.00000151
   balancing valence density, asum =  6.00000151 wwsum =  6.00000000
 leaving rsae

 subroutine descrn: descreen the psp

    i             r         vloc0          vloc         ruhar        ruexch        rsvale         alpha
   20     .00011772    -.00342506    -.00210244     .00157158    -.00024897   .171003D-06     .00000008
   40     .00029025    -.00844483    -.00518379     .00387489    -.00061385   .103956D-05     .00000051
   60     .00053240    -.01549018    -.00950852     .00710764    -.00112597   .349769D-05     .00000170
   80     .00087226    -.02537846    -.01557835     .01164485    -.00184475   .938856D-05     .00000456
  100     .00134926    -.03925681    -.02409745     .01801292    -.00285356   .224647D-04     .00001090
  120     .00201875    -.05873525    -.03605408     .02695062    -.00426945   .502887D-04     .00002437
  140     .00295838    -.08607330    -.05283517     .03949481    -.00625669   .107998D-03     .00005226
  160     .00427717    -.12444188    -.07638698     .05710072    -.00904582   .225747D-03     .00010901
  180     .00612812    -.17829037    -.10944018     .08181063    -.01296044   .463412D-03     .00022309
  200     .00872596    -.25386054    -.15582472     .11649057    -.01845474   .939607D-03     .00045041
  220     .01237209    -.35990444    -.22090873     .16516198    -.02616628   .188894D-02     .00090005
  240     .01748949    -.50868244    -.31220632     .23346615    -.03699004   .377498D-02     .00178342
  260     .02467187    -.71733751    -.44020766     .32931257    -.05218272   .751308D-02     .00350662
  280     .03475248   -1.00975101    -.61948080     .46377982    -.07350961   .149105D-01     .00683969
  300     .04890082   -1.41894558    -.87004376     .65235441    -.10345259   .295368D-01     .01321548
  320     .06875829   -1.98990398   -1.21881222     .91659873    -.14550697   .584525D-01     .02522363
  340     .09662863   -2.78201603   -1.70033205    1.28629572    -.20461174   .115666D+00     .04732739
  360     .13574519   -3.86846738   -2.35433941    1.80191270    -.28778472   .229128D+00     .08660130
  380     .19064606   -5.32492835   -3.21341346    2.51653219    -.40501730   .454918D+00     .15249780
  400     .26770051   -7.18883228   -4.26443671    3.49428498    -.56988940   .902822D+00     .25264373
  420     .37584792   -9.35326828   -5.35295144    4.79654772    -.79623089   .175249D+01     .37862920
  440     .52763494  -11.36143768   -6.01053671    6.43571775   -1.08481678   .314222D+01     .48035578
  460     .74067099  -12.28779651   -5.39218578    8.27512376   -1.37951303   .452935D+01     .47918344
  480    1.03967124  -12.00027452   -3.57744648    9.96487298   -1.54204495   .432621D+01     .44610962
  500    1.45932395  -12.00007964   -2.36776618   11.14886509   -1.51655163   .271048D+01     .44604096
  520    2.04831473  -12.00004000   -1.56424257   11.74627562   -1.31047819   .109438D+01     .44598420
  540    2.87497481  -12.00002223   -1.03627513   11.95085762    -.98711052   .273816D+00     .44592519
  560    4.03520840  -12.00001270    -.63488813   11.99462728    -.62950271   .386007D-01     .44585861
  580    5.66361893  -12.00000590    -.31643782   11.99973332    -.31616524   .251885D-02     .44578967
  600    7.94912495  -12.00000178    -.11010541   11.99999560    -.11009923   .554079D-04     .44573729
  620   11.15687735  -12.00000027    -.02239308   11.99999998    -.02239280   .265965D-06     .44571367
  640   15.65902059  -12.00000001    -.00207441   12.00000000    -.00207440   .152303D-09     .44570895
  660   21.97786666  -12.00000000     .00000000   12.00000000     .00000000   .000000D+00     .44570878
  680   30.84649069  -12.00000000     .00000000   12.00000000     .00000000   .000000D+00     .44570878
  700   43.29377796  -12.00000000     .00000000   12.00000000     .00000000   .000000D+00     .44570878
  720   60.76378908  -12.00000000     .00000000   12.00000000     .00000000   .000000D+00     .44570878

    matrix 0(i,j)

       3.00445        .76036        .00000        .00000
        .76036        .73816        .00000        .00000
        .00000        .00000      49.97644     -34.86532
        .00000        .00000     -34.86532      24.21949

 value of screened s potential at origin =   -17.8597593

 total energy = -31.5209529
 leaving descrn

 pseudopotential has been written out

    ============================================================
    |  pseudopotential report: version  7.3.3 date  0- 0-   0  |
    ------------------------------------------------------------
    |  oxygen                    ceperley-alder exchange-corr  |
    |  z =   8.    zv =   6.    exfact =    .00000             |
    |                            etot  = -31.52095             |
    |  index    orbital      occupation    energy              |
    |    1        200           2.00       -1.74               |
    |    2        210           4.00        -.68               |
    |  keyps = 3     ifpcor = 0     rpcor =    .00000          |
    |  rinner =       .70     for L=    1                      |
    |  rinner =       .70     for L=    2                      |
    |  rinner =       .70     for L=    3                      |
    |    new generation scheme:                                |
    |    nbeta =  4     kkbeta =  519     rcloc =    1.0000    |
    |    ibeta      l    epsilon   rcut iptype                 |
    |       1      0      -1.74   1.30      2                  |
    |       2      0       -.68   1.30      2                  |
    |       3      1      -1.74   1.30      2                  |
    |       4      1       -.68   1.30      2                  |
    |  npf    = 8  ptryc =  10.000                             |
    |  lloc   = 2  eloc   =    .000                            |
    |  ifqopt = 2  nqf    = 8  qtryc =  10.000                 |
    |  all electron calculation used schroedinger equation     |
    |         ************logarithmic mesh************         |
    ============================================================

 subroutine prwf: writing wavefunctions to unit iplot

   all electron and pseudo energies

                       200                      210

                    full     pseudo          full     pseudo  
    energy    -1.7423640 -1.7423636     -.6765983  -.6765944

   valence all-electron and pseudo wavefunctions

                    s           p           s           p
        r          full        full       pseudo      pseudo
      .05701     -.35690      .03949      .10300      .00590
      .16928     -.33106      .23214      .30036      .05033
      .28168      .01353      .44318      .48227      .13141
      .39547      .37242      .61555      .64191      .23959
      .51004      .64943      .73554      .77126      .36338
      .62515      .82925      .80701      .86540      .48961
      .74067      .92492      .83937      .92238      .60182
      .84827      .95621      .84323      .94323      .68066
      .95517      .94830      .82936      .93709      .73172
     1.07553      .90870      .79959      .90401      .76135
     1.19069      .85243      .76232      .85186      .75733
     1.29603      .79254      .72393      .79254      .72390
     1.41067      .72360      .67986      .72360      .67983
     1.53546      .64843      .63118      .64843      .63115
     1.64319      .58577      .58969      .58577      .58966
     1.75848      .52244      .54659      .52243      .54657
     1.88186      .45980      .50250      .45980      .50248
     1.98003      .41404      .46915      .41404      .46913
     2.08333      .36985      .43583      .36985      .43581
     2.19202      .32763      .40279      .32763      .40277
     2.30638      .28772      .37025      .28772      .37024
     2.42670      .25042      .33844      .25042      .33843
     2.55330      .21592      .30756      .21592      .30754
     2.64135      .19455      .28758      .19455      .28756
     2.77914      .16500      .25865      .16500      .25864
     2.87497      .14698      .24012      .14698      .24011
     3.02496      .12246      .21357      .12246      .21356
     3.12927      .10776      .19675      .10776      .19674
     3.23717      .09434      .18066      .09434      .18065
     3.34880      .08215      .16533      .08215      .16532
     3.46427      .07114      .15078      .07114      .15077
     3.58373      .06126      .13702      .06126      .13701
     3.70731      .05245      .12405      .05245      .12405
     3.77068      .04842      .11787      .04842      .11787
     3.90070      .04108      .10611      .04108      .10610
     4.03521      .03463      .09514      .03463      .09513
     4.10419      .03172      .08995      .03172      .08994
     4.24571      .02648      .08015      .02648      .08015
     4.39211      .02195      .07111      .02195      .07111
     4.46719      .01994      .06687      .01994      .06687
     4.62123      .01636      .05893      .01636      .05893
     4.70023      .01478      .05523      .01478      .05523
     4.78058      .01332      .05170      .01332      .05170
     4.94542      .01077      .04513      .01077      .04513
     5.02996      .00965      .04209      .00965      .04209
     5.11595      .00863      .03921      .00863      .03921
     5.29235      .00687      .03389      .00687      .03389
     5.38282      .00611      .03144      .00611      .03144
     5.47484      .00542      .02914      .00542      .02913
     5.56843      .00480      .02696      .00480      .02696
     5.76044      .00374      .02299      .00374      .02299
     5.85891      .00329      .02119      .00329      .02119
     5.95906      .00288      .01950      .00288      .01950
     6.06093      .00252      .01791      .00252      .01791
     6.16454      .00220      .01644      .00220      .01644

   chart: valence all-electron and pseudo wavefunctions
       .0570                 1                 ! 2  7                                                                 
       .1701                  1                !  8        2  7                                                       
       .2832                                   !1     8              2 7                                              
       .3963                                   !           8      1           27                                      
       .5094                                   !                 8             1    2 7                               
       .6225                                   !                       8               21 7                           
       .7356                                   !                             8           2   1                        
       .8487                                   !                                 8       2    71                      
       .9618                                   !                                    8   2     1                       
      1.0749                                   !                                     8 2    1                         
      1.1880                                   !                                     2    1                           
      1.3011                                   !                                   2   1                              
      1.4142                                   !                                 2 1                                  
      1.5273                                   !                               1                                      
      1.6404                                   !                            1                                         
      1.7535                                   !                         12                                           
      1.8666                                   !                      1 2                                             
      1.9798                                   !                    1 2                                               
      2.0929                                   !                 1   2                                                
      2.2060                                   !               1   2                                                  
      2.3191                                   !             1    2                                                   
      2.4322                                   !            1   2                                                     
      2.5453                                   !          1   2                                                       
      2.6584                                   !         1   2                                                        
      2.7715                                   !       1    2                                                         
      2.8846                                   !      1    2                                                          
      2.9977                                   !     1    2                                                           
      3.1108                                   !    1    2                                                            
      3.2239                                   !    1   2                                                             
      3.3370                                   !   1   2                                                              
      3.4501                                   !   1   2                                                              
      3.5632                                   !  1   2                                                               
      3.6763                                   !  1  2                                                                
      3.7894                                   ! 1   2                                                                
      3.9025                                   ! 1  2                                                                 
      4.0156                                   ! 1  2                                                                 
      4.1287                                   ! 1 2                                                                  
      4.2418                                   !1  2                                                                  
      4.3549                                   !1  2                                                                  
      4.4680                                   !1 2                                                                   
      4.5811                                   !1 2                                                                   
      4.6942                                   !1 2                                                                   
      4.8073                                   !1 2                                                                   
      4.9204                                   !12                                                                    
      5.0335                                   ! 2                                                                    
      5.1466                                   ! 2                                                                    
      5.2597                                   ! 2                                                                    
      5.3728                                   ! 2                                                                    
      5.4859                                   !2                                                                     
      5.5990                                   !2                                                                     
      5.7121                                   !2                                                                     
      5.8252                                   !2                                                                     
      5.9383                                   !2                                                                     
      6.0514                                   !2                                                                     
      6.1645                                   !2                                                                     
                 i         i         i         i         i         i         i         i         i         i         i
            -.6000              -.2000               .2000               .6000              1.0000               1.400    
                      -.4000              -.2384E-07           .4000               .8000               1.200    
 

 subroutine fanal: fourier transform pseudo wavefunctions

   q * fourier transform of wfns

   wavevector             200          210
       .00000          .00000       .00000
       .20000          .45044       .10838
       .40000          .81525       .35471
       .60000         1.04590       .59978
       .80000         1.14042       .76630
      1.00000         1.12749       .84582
      1.20000         1.04497       .85891
      1.40000          .92611       .82923
      1.60000          .79473       .77499
      1.80000          .66564       .70830
      2.00000          .54692       .63674
      2.20000          .44218       .56486
      2.40000          .35237       .49532
      2.60000          .27695       .42966
      2.80000          .21466       .36872
      3.00000          .16392       .31291
      3.20000          .12313       .26239
      3.40000          .09075       .21715
      3.60000          .06539       .17706
      3.80000          .04580       .14193
      4.00000          .03094       .11151
      4.20000          .01988       .08552
      4.40000          .01185       .06365
      4.60000          .00620       .04554
      4.80000          .00239       .03086
      5.00000         -.00002       .01924
      5.20000         -.00139       .01032
      5.40000         -.00202       .00375
      5.60000         -.00214      -.00083
      5.80000         -.00193      -.00376
      6.00000         -.00153      -.00534
      6.20000         -.00105      -.00588
      6.40000         -.00056      -.00565
      6.60000         -.00012      -.00487
      6.80000          .00025      -.00376
      7.00000          .00054      -.00249
      7.20000          .00072      -.00120
      7.40000          .00082      -.00001
      7.60000          .00083       .00102
      7.80000          .00078       .00182
      8.00000          .00068       .00238
      8.20000          .00054       .00268
      8.40000          .00038       .00274
      8.60000          .00022       .00260
      8.80000          .00006       .00228
      9.00000         -.00007       .00183
      9.20000         -.00019       .00130
      9.40000         -.00027       .00073
      9.60000         -.00032       .00017
      9.80000         -.00034      -.00034
     10.00000         -.00033      -.00077
     10.20000         -.00030      -.00110
     10.40000         -.00025      -.00131
     10.60000         -.00018      -.00140
     10.80000         -.00010      -.00137
     11.00000         -.00001      -.00122
     11.20000          .00007      -.00099
     11.40000          .00014      -.00066
     11.60000          .00021      -.00030
     11.80000          .00026       .00011
     12.00000          .00029       .00050
     12.20000          .00031       .00089
     12.40000          .00031       .00122
     12.60000          .00030       .00152
     12.80000          .00028       .00170
     13.00000          .00024       .00186
     13.20000          .00019       .00187
     13.40000          .00014       .00186
     13.60000          .00009       .00173
     13.80000          .00004       .00154
     14.00000         -.00001       .00133
     14.20000         -.00006       .00098
     14.40000         -.00009       .00075
     14.60000         -.00012       .00035
     14.80000         -.00014       .00008
     15.00000         -.00015      -.00017

  chart: q * fourier transform of wfns
       .0000      !                                                                                                   
       .2000      !        2                             1                                                            
       .4000      !                             2                                        1                            
       .6000      !                                                   2                                      1        
       .8000      !                                                                 2                                1
      1.0000      !                                                                        2                        1 
      1.2000      !                                                                         2                1        
      1.4000      !                                                                       2       1                   
      1.6000      !                                                                  2 1                              
      1.8000      !                                                         1  2                                      
      2.0000      !                                              1       2                                            
      2.2000      !                                     1          2                                                  
      2.4000      !                             1            2                                                        
      2.6000      !                       1            2                                                              
      2.8000      !                 1             2                                                                   
      3.0000      !             1            2                                                                        
      3.2000      !         1           2                                                                             
      3.4000      !      1          2                                                                                 
      3.6000      !    1         2                                                                                    
      3.8000      !   1       2                                                                                       
      4.0000      ! 1      2                                                                                          
      4.2000      !1     2                                                                                            
      4.4000      !1   2                                                                                              
      4.6000      !  2                                                                                                
      4.8000      ! 2                                                                                                 
      5.0000      !2                                                                                                  
      5.2000     1!                                                                                                   
      5.4000     1!                                                                                                   
      5.6000     1!                                                                                                   
      5.8000     1!                                                                                                   
      6.0000     1!                                                                                                   
      6.2000     1!                                                                                                   
      6.4000     1!                                                                                                   
      6.6000     2!                                                                                                   
      6.8000     2!                                                                                                   
      7.0000     2!                                                                                                   
      7.2000     2!                                                                                                   
      7.4000      !                                                                                                   
      7.6000      !                                                                                                   
      7.8000      !                                                                                                   
      8.0000      !                                                                                                   
      8.2000      !                                                                                                   
      8.4000      !                                                                                                   
      8.6000      !                                                                                                   
      8.8000      !                                                                                                   
      9.0000      !                                                                                                   
      9.2000     1!                                                                                                   
      9.4000     1!                                                                                                   
      9.6000     1!                                                                                                   
      9.8000     1!                                                                                                   
     10.0000     1!                                                                                                   
     10.2000     1!                                                                                                   
     10.4000     1!                                                                                                   
     10.6000     1!                                                                                                   
     10.8000     2!                                                                                                   
     11.0000     2!                                                                                                   
     11.2000     2!                                                                                                   
     11.4000     2!                                                                                                   
     11.6000     2!                                                                                                   
     11.8000      !                                                                                                   
     12.0000      !                                                                                                   
     12.2000      !                                                                                                   
     12.4000      !                                                                                                   
     12.6000      !                                                                                                   
     12.8000      !                                                                                                   
     13.0000      !                                                                                                   
     13.2000      !                                                                                                   
     13.4000      !                                                                                                   
     13.6000      !                                                                                                   
     13.8000      !                                                                                                   
     14.0000      !                                                                                                   
     14.2000      !                                                                                                   
     14.4000      !                                                                                                   
     14.6000      !                                                                                                   
     14.8000      !                                                                                                   
     15.0000     1!                                                                                                   
                 i         i         i         i         i         i         i         i         i         i         i
            -.5885E-02           .2234               .4526               .6819               .9112               1.140    
                       .1087               .3380               .5673               .7965               1.026    
 

 leaving fanal

 calling lderiv: log derivatives of pseudopotential

 subroutine lderiv: pass   2

     logarithmic derivatives

      e          l=0             l=1             l=2             l=0             l=1             l=2
 
   -2.400      .32681E+00      .11906E+01      .18915E+01      .32680E+00      .11906E+01      .18914E+01
   -2.300      .19608E+00      .11397E+01      .18666E+01      .19607E+00      .11397E+01      .18665E+01
   -2.200      .48038E-01      .10862E+01      .18414E+01      .48035E-01      .10862E+01      .18413E+01
   -2.100     -.12175E+00      .10298E+01      .18160E+01     -.12175E+00      .10298E+01      .18159E+01
   -2.000     -.31940E+00      .97014E+00      .17903E+01     -.31940E+00      .97014E+00      .17901E+01
   -1.900     -.55359E+00      .90668E+00      .17642E+01     -.55359E+00      .90668E+00      .17641E+01
   -1.800     -.83706E+00      .83892E+00      .17379E+01     -.83706E+00      .83892E+00      .17378E+01
   -1.700     -.11893E+01      .76617E+00      .17113E+01     -.11893E+01      .76618E+00      .17111E+01
   -1.600     -.16415E+01      .68761E+00      .16843E+01     -.16415E+01      .68762E+00      .16842E+01
   -1.500     -.22475E+01      .60221E+00      .16570E+01     -.22475E+01      .60222E+00      .16569E+01
   -1.400     -.31081E+01      .50867E+00      .16294E+01     -.31081E+01      .50868E+00      .16292E+01
   -1.300     -.44373E+01      .40533E+00      .16014E+01     -.44373E+01      .40534E+00      .16012E+01
   -1.200     -.67818E+01      .29004E+00      .15730E+01     -.67818E+01      .29004E+00      .15729E+01
   -1.100     -.12083E+02      .15994E+00      .15442E+01     -.12083E+02      .15995E+00      .15441E+01
   -1.000     -.35940E+02      .11191E-01      .15151E+01     -.35940E+02      .11201E-01      .15150E+01
    -.900      .50698E+02     -.16155E+00      .14856E+01      .50698E+02     -.16154E+00      .14855E+01
    -.800      .16241E+02     -.36591E+00      .14556E+01      .16241E+02     -.36590E+00      .14555E+01
    -.700      .10106E+02     -.61316E+00      .14252E+01      .10106E+02     -.61315E+00      .14251E+01
    -.600      .75304E+01     -.92069E+00      .13944E+01      .75304E+01     -.92068E+00      .13943E+01
    -.500      .61050E+01     -.13169E+01      .13630E+01      .61050E+01     -.13169E+01      .13630E+01
    -.400      .51941E+01     -.18513E+01      .13313E+01      .51941E+01     -.18512E+01      .13312E+01
    -.300      .45576E+01     -.26190E+01      .12990E+01      .45576E+01     -.26189E+01      .12989E+01
    -.200      .40845E+01     -.38290E+01      .12661E+01      .40845E+01     -.38287E+01      .12661E+01
    -.100      .37167E+01     -.60455E+01      .12328E+01      .37166E+01     -.60448E+01      .12328E+01
     .000      .34205E+01     -.11507E+02      .11989E+01      .34204E+01     -.11504E+02      .11989E+01
     .100      .31752E+01     -.48142E+02      .11644E+01      .31751E+01     -.48069E+02      .11644E+01
     .200      .29673E+01      .27606E+02      .11292E+01      .29673E+01      .27636E+02      .11293E+01
     .300      .27879E+01      .11582E+02      .10935E+01      .27878E+01      .11589E+02      .10935E+01
     .400      .26303E+01      .76221E+01      .10571E+01      .26302E+01      .76257E+01      .10571E+01
     .500      .24900E+01      .58141E+01      .10199E+01      .24900E+01      .58167E+01      .10201E+01
     .600      .23636E+01      .47699E+01      .98211E+00      .23635E+01      .47720E+01      .98226E+00
     .700      .22484E+01      .40837E+01      .94351E+00      .22483E+01      .40856E+01      .94371E+00
     .800      .21424E+01      .35940E+01      .90412E+00      .21423E+01      .35958E+01      .90436E+00
     .900      .20441E+01      .32235E+01      .86391E+00      .20440E+01      .32252E+01      .86419E+00
    1.000      .19522E+01      .29307E+01      .82282E+00      .19521E+01      .29324E+01      .82315E+00
    1.100      .18657E+01      .26913E+01      .78081E+00      .18655E+01      .26930E+01      .78120E+00
    1.200      .17837E+01      .24901E+01      .73785E+00      .17835E+01      .24919E+01      .73830E+00
    1.300      .17056E+01      .23172E+01      .69388E+00      .17054E+01      .23190E+01      .69440E+00
    1.400      .16308E+01      .21656E+01      .64885E+00      .16306E+01      .21675E+01      .64944E+00
    1.500      .15589E+01      .20307E+01      .60269E+00      .15586E+01      .20326E+01      .60337E+00
    1.600      .14893E+01      .19088E+01      .55536E+00      .14890E+01      .19108E+01      .55613E+00

   chart: log derivatives
     -2.4000                                                       !   1          2        3                          
     -2.3000                                                       ! 1           2        3                           
     -2.2000                                                       !1            2        3                           
     -2.1000                                                     1 !            2         3                           
     -2.0000                                                   1   !           2         3                            
     -1.9000                                                1      !          2          3                            
     -1.8000                                             1         !         2           3                            
     -1.7000                                        1              !         2          3                             
     -1.6000                                  1                    !        2           3                             
     -1.5000                           1                           !       2            3                             
     -1.4000                1                                      !     2             3                              
     -1.3000                                                       !    2              3                              
     -1.2000                                                       !   2               3                              
     -1.1000                                                       ! 2                3                               
     -1.0000                                                       !                  3                               
      -.9000                                                     2 !                  3                               
      -.8000                                                  2    !                 3                                
      -.7000                                               2       !                 3                                
      -.6000                                           2           !                3                                 
      -.5000                                       2               !                3                                 
      -.4000                                2                      !                3                                 
      -.3000                      2                                !               3                                  
      -.2000       2                                               !               3                                  
      -.1000                                                       !              3                              1    
       .0000                                                       !              3                           1       
       .1000                                                       !              3                        1          
       .2000                                                       !             3                      1             
       .3000                                                       !             3                    1               
       .4000                                                       !            3                   1                 
       .5000                                                       !            3                 1                   
       .6000                                                       !           3                 1                    
       .7000                                                       !           3               1                      
       .8000                                                       !          3               1                 2     
       .9000                                                       !          3              1             2          
      1.0000                                                       !         3             1            2             
      1.1000                                                       !         3            1          2                
      1.2000                                                       !        3            1        2                   
      1.3000                                                       !        3           1       2                     
      1.4000                                                       !       3           1      2                       
      1.5000                                                       !       3          1     2                         
      1.6000                                                       !      3           1    2                          
                 i         i         i         i         i         i         i         i         i         i         i
            -4.000              -2.400              -.8000               .8000               2.400               4.000    
                      -3.200              -1.600               .2220E-15           1.600               3.200    
 

 leaving lderiv

 eigenvalues of nonlocal potential 

   l= 0        .870059  11.438361
   l= 1      -1.204721   6.276558

 -------------------------------------------------
 eigensolution in bessel basis with cutoff 30.00
 -------------------------------------------------

   ecut=  30.0  rmax=  10.0   nbt= 1501
   nsw(l=0)=   18
   nsw(l=1)=   17

   eigenvalues of local potential 
   l= 0      -6.150180   -.099739
   l= 1       -.185132    .178506

   eigenvalues of US hamiltonian 
   l= 0      -1.742270    .028821    .399477   1.023505
   l= 1       -.674067    .142058    .537538   1.173729

 -------------------------------------------------
 eigensolution in bessel basis with cutoff 35.00
 -------------------------------------------------

   ecut=  35.0  rmax=  10.0   nbt= 1501
   nsw(l=0)=   19
   nsw(l=1)=   19

   eigenvalues of local potential 
   l= 0      -6.197731   -.101258
   l= 1       -.189514    .176018

   eigenvalues of US hamiltonian 
   l= 0      -1.742290    .028819    .399475   1.023502
   l= 1       -.674474    .142039    .537503   1.173700

 -------------------------------------------------
 eigensolution in bessel basis with cutoff 40.00
 -------------------------------------------------

   ecut=  40.0  rmax=  10.0   nbt= 1501
   nsw(l=0)=   21
   nsw(l=1)=   20

   eigenvalues of local potential 
   l= 0      -6.248203   -.102980
   l= 1       -.190662    .175341

   eigenvalues of US hamiltonian 
   l= 0      -1.742297    .028819    .399474   1.023501
   l= 1       -.674747    .142025    .537475   1.173669
