========================================================================
pseudopotential program version  7.3.3   date:  0 -  0 -    0
========================================================================

 ifae =   1    ifpsp =   0    ifprt =   0    ifplw =   0    ilogd =   3
 rlogd=   1.80000     emin=  -2.40000     emax=   1.60000     nnt=   40
 thresh, tol =   1.000E-10   1.000E-09    damp =  .500    maxit = 250

          *************************************************************
          arsenic              Perdew Wang 1991    exchange-correlation
          *************************************************************

 z =  33.    xion =  .00    exfact =   4.00000    irel=   2
 ncspvs =    8
 rmax = 200.00000    aasf =   6.00000    bbsf =  59.00000

 value of mesh generated in rinit is   875
 irel = 2 so all electron calculations use koelling-harmon equations


                         the system has converged with
                                 delta=  .5374472D-09


                             the eigenvalues are


          orbital          occupation          energy
           100                   2.00            -861.49867
           200                   2.00            -109.29425
           210                   6.00             -95.85502
           300                   2.00             -13.98603
           310                   6.00              -9.82903
           320                  10.00              -2.99387
           400                   2.00              -1.07065
           410                   3.00               -.38533
 etot=  -4522.53592 ryd ;     -61529.09912 ev            ebsr,ehar,emvxc=  -2636.89821   1936.11941     50.48170

 subroutine lderiv: pass   1

 leaving lderiv
