========================================================================
pseudopotential program version  7.3.3   date:  0 -  0 -    0
========================================================================

 ifae =   1    ifpsp =   0    ifprt =   0    ifplw =   0    ilogd =   3
 rlogd=   1.80000     emin=  -2.40000     emax=   1.60000     nnt=   60
 thresh, tol =   1.000E-10   1.000E-09    damp =  .100    maxit = 600

          *************************************************************
           scandium4.0         Perdew Wang 1991    exchange-correlation
          *************************************************************

 z =  21.    xion =  .00    exfact =   4.00000    irel=   2
 ncspvs =    7
 rmax = 200.00000    aasf =   6.00000    bbsf =  59.00000

 value of mesh generated in rinit is   849
 irel = 2 so all electron calculations use koelling-harmon equations


                         the system has converged with
                                 delta=  .9594558D-09


                             the eigenvalues are


          orbital          occupation          energy
           100                   2.00            -323.28033
           200                   2.00             -34.87174
           210                   6.00             -28.55732
           300                   2.00              -4.04622
           310                   6.00              -2.47466
           400                   2.00               -.31007
           320                   1.00               -.24190
 etot=  -1528.57576 ryd ;     -20796.27253 ev            ebsr,ehar,emvxc=   -911.45048    640.15669     23.03141

 subroutine lderiv: pass   1

 leaving lderiv
