========================================================================
pseudopotential program version  7.3.3   date:  0 -  0 -    0
========================================================================

 ifae =   1    ifpsp =   0    ifprt =   0    ifplw =   0    ilogd =   3
 rlogd=   2.60000     emin=  -2.00000     emax=   2.00000     nnt=   60
 thresh, tol =   1.000E-10   1.000E-09    damp =  .500    maxit = 400

          *************************************************************
          Osmium               Perdew Wang 1991    exchange-correlation
          *************************************************************

 z =  76.    xion =  .00    exfact =   4.00000    irel=   2
 ncspvs =   15
 rmax = 150.00000    aasf =   7.00000    bbsf =  60.00000

 value of mesh generated in rinit is   983
 irel = 2 so all electron calculations use koelling-harmon equations


                         the system has converged with
                                 delta=  .9127155D-09


                             the eigenvalues are


          orbital          occupation          energy
           100                   2.00           -5430.24867
           200                   2.00            -945.57779
           210                   6.00            -823.29604
           300                   2.00            -219.91168
           310                   6.00            -184.01246
           320                  10.00            -143.92287
           400                   2.00             -46.26561
           410                   6.00             -34.49219
           420                  10.00             -19.88060
           430                  14.00              -3.64778
           500                   2.00              -6.56173
           510                   6.00              -3.57925
           520                   7.00               -.35000
           600                   1.00               -.40378
           610                    .00               -.07722
 etot= -34510.60058 ryd ;    -469516.70516 ev            ebsr,ehar,emvxc= -21261.36796  13458.22048    208.98785

 subroutine lderiv: pass   1

 leaving lderiv
