========================================================================
pseudopotential program version  7.3.3   date:  0 -  0 -    0
========================================================================

 ifae =   1    ifpsp =   0    ifprt =   0    ifplw =   0    ilogd =   3
 rlogd=   1.80000     emin=  -2.00000     emax=   2.00000     nnt=   80
 thresh, tol =   1.000E-10   1.000E-09    damp =  .100    maxit = 400

          *************************************************************
          Li                   Perdew Wang 1991    exchange-correlation
          *************************************************************

 z =   3.    xion =  .00    exfact =   4.00000    irel=   0
 ncspvs =    3
 rmax =  80.00000    aasf =   7.00000    bbsf =  60.00000

 value of mesh generated in rinit is   751
 irel = 0 so all electron calculations use schroedinger equations
 ***warning in subroutine schsol
 state  210 with energy  -.07055 either unbound or requires larger
 radial mesh with energy on iteration   2
 ***warning in subroutine schsol
 state  210 with energy  -.07062 either unbound or requires larger
 radial mesh with energy on iteration   3
 ***warning in subroutine schsol
 state  210 with energy  -.07062 either unbound or requires larger
 radial mesh with energy on iteration   4


                         the system has converged with
                                 delta=  .9436398D-09


                             the eigenvalues are


          orbital          occupation          energy
           100                   2.00              -3.82445
           200                   1.00               -.21228
           210                    .00               -.08168
 etot=    -14.92819 ryd ;       -203.09796 ev            ebsr,ehar,emvxc=     -7.86117      8.06847      1.00146

 subroutine lderiv: pass   1

 leaving lderiv
